Flow report for lab1
Tue Nov 10 19:06:59 2020
Quartus II 64-Bit Version 12.1 Build 243 01/31/2013 Service Pack 1 SJ Web Edition


---------------------
; Table of Contents ;
---------------------
  1. Legal Notice
  2. Flow Summary
  3. Flow Settings
  4. Flow Non-Default Global Settings
  5. Flow Elapsed Time
  6. Flow OS Summary
  7. Flow Log



----------------
; Legal Notice ;
----------------
Copyright (C) 1991-2012 Altera Corporation
Your use of Altera Corporation's design tools, logic functions 
and other software and tools, and its AMPP partner logic 
functions, and any output files from any of the foregoing 
(including device programming or simulation files), and any 
associated documentation or information are expressly subject 
to the terms and conditions of the Altera Program License 
Subscription Agreement, Altera MegaCore Function License 
Agreement, or other applicable license agreement, including, 
without limitation, that your use is for the sole purpose of 
programming logic devices manufactured by Altera and sold by 
Altera or its authorized distributors.  Please refer to the 
applicable agreement for further details.



+------------------------------------------------------------------------------------+
; Flow Summary                                                                       ;
+------------------------------------+-----------------------------------------------+
; Flow Status                        ; Successful - Tue Nov 10 19:06:59 2020         ;
; Quartus II 64-Bit Version          ; 12.1 Build 243 01/31/2013 SP 1 SJ Web Edition ;
; Revision Name                      ; lab1                                          ;
; Top-level Entity Name              ; lab1                                          ;
; Family                             ; Cyclone IV E                                  ;
; Device                             ; EP4CE6E22C8                                   ;
; Timing Models                      ; Final                                         ;
; Total logic elements               ; 408 / 6,272 ( 7 % )                           ;
;     Total combinational functions  ; 371 / 6,272 ( 6 % )                           ;
;     Dedicated logic registers      ; 120 / 6,272 ( 2 % )                           ;
; Total registers                    ; 120                                           ;
; Total pins                         ; 44 / 92 ( 48 % )                              ;
; Total virtual pins                 ; 0                                             ;
; Total memory bits                  ; 0 / 276,480 ( 0 % )                           ;
; Embedded Multiplier 9-bit elements ; 0 / 30 ( 0 % )                                ;
; Total PLLs                         ; 0 / 2 ( 0 % )                                 ;
+------------------------------------+-----------------------------------------------+


+-----------------------------------------+
; Flow Settings                           ;
+-------------------+---------------------+
; Option            ; Setting             ;
+-------------------+---------------------+
; Start date & time ; 11/10/2020 19:06:35 ;
; Main task         ; Compilation         ;
; Revision Name     ; lab1                ;
+-------------------+---------------------+


+--------------------------------------------------------------------------------------------------------------------+
; Flow Non-Default Global Settings                                                                                   ;
+-------------------------------------+-------------------------------+---------------+-------------+----------------+
; Assignment Name                     ; Value                         ; Default Value ; Entity Name ; Section Id     ;
+-------------------------------------+-------------------------------+---------------+-------------+----------------+
; COMPILER_SIGNATURE_ID               ; 1095573684886.160502439507128 ; --            ; --          ; --             ;
; EDA_OUTPUT_DATA_FORMAT              ; Vhdl                          ; --            ; --          ; eda_simulation ;
; EDA_SIMULATION_TOOL                 ; ModelSim-Altera (VHDL)        ; <None>        ; --          ; --             ;
; MAX_CORE_JUNCTION_TEMP              ; 85                            ; --            ; --          ; --             ;
; MIN_CORE_JUNCTION_TEMP              ; 0                             ; --            ; --          ; --             ;
; PARTITION_COLOR                     ; 16764057                      ; --            ; --          ; Top            ;
; PARTITION_FITTER_PRESERVATION_LEVEL ; PLACEMENT_AND_ROUTING         ; --            ; --          ; Top            ;
; PARTITION_NETLIST_TYPE              ; SOURCE                        ; --            ; --          ; Top            ;
; PROJECT_OUTPUT_DIRECTORY            ; output_files                  ; --            ; --          ; --             ;
+-------------------------------------+-------------------------------+---------------+-------------+----------------+


+-------------------------------------------------------------------------------------------------------------------------------+
; Flow Elapsed Time                                                                                                             ;
+---------------------------+--------------+-------------------------+---------------------+------------------------------------+
; Module Name               ; Elapsed Time ; Average Processors Used ; Peak Virtual Memory ; Total CPU Time (on all processors) ;
+---------------------------+--------------+-------------------------+---------------------+------------------------------------+
; Analysis & Synthesis      ; 00:00:04     ; 1.0                     ; 466 MB              ; 00:00:04                           ;
; Fitter                    ; 00:00:08     ; 3.0                     ; 906 MB              ; 00:00:09                           ;
; Assembler                 ; 00:00:03     ; 1.0                     ; 437 MB              ; 00:00:03                           ;
; TimeQuest Timing Analyzer ; 00:00:04     ; 1.0                     ; 488 MB              ; 00:00:04                           ;
; EDA Netlist Writer        ; 00:00:03     ; 1.0                     ; 407 MB              ; 00:00:03                           ;
; Total                     ; 00:00:22     ; --                      ; --                  ; 00:00:23                           ;
+---------------------------+--------------+-------------------------+---------------------+------------------------------------+


+----------------------------------------------------------------------------------------+
; Flow OS Summary                                                                        ;
+---------------------------+------------------+-----------+------------+----------------+
; Module Name               ; Machine Hostname ; OS Name   ; OS Version ; Processor type ;
+---------------------------+------------------+-----------+------------+----------------+
; Analysis & Synthesis      ; Lily-PC          ; Windows 7 ; 6.2        ; x86_64         ;
; Fitter                    ; Lily-PC          ; Windows 7 ; 6.2        ; x86_64         ;
; Assembler                 ; Lily-PC          ; Windows 7 ; 6.2        ; x86_64         ;
; TimeQuest Timing Analyzer ; Lily-PC          ; Windows 7 ; 6.2        ; x86_64         ;
; EDA Netlist Writer        ; Lily-PC          ; Windows 7 ; 6.2        ; x86_64         ;
+---------------------------+------------------+-----------+------------+----------------+


------------
; Flow Log ;
------------
quartus_map --read_settings_files=on --write_settings_files=off lab1 -c lab1
quartus_fit --read_settings_files=off --write_settings_files=off lab1 -c lab1
quartus_asm --read_settings_files=off --write_settings_files=off lab1 -c lab1
quartus_sta lab1 -c lab1
quartus_eda --read_settings_files=off --write_settings_files=off lab1 -c lab1



