Analysis & Synthesis report for lab1
Sun Sep 27 21:26:27 2020
Quartus II 64-Bit Version 12.1 Build 243 01/31/2013 Service Pack 1 SJ Web Edition


---------------------
; Table of Contents ;
---------------------
  1. Legal Notice
  2. Analysis & Synthesis Summary
  3. Analysis & Synthesis Settings
  4. Parallel Compilation
  5. Analysis & Synthesis Source Files Read
  6. Analysis & Synthesis Resource Usage Summary
  7. Analysis & Synthesis Resource Utilization by Entity
  8. Analysis & Synthesis IP Cores Summary
  9. State Machine - |lab1|vsm:my_vsm|state
 10. Registers Removed During Synthesis
 11. General Register Statistics
 12. Multiplexer Restructuring Statistics (Restructuring Performed)
 13. Parameter Settings for User Entity Instance: Top-level Entity: |lab1
 14. Parameter Settings for User Entity Instance: counter:my_counter|lpm_counter:LPM_COUNTER_component
 15. Parameter Settings for User Entity Instance: vsm:my_vsm
 16. Port Connectivity Checks: "counter:my_counter"
 17. Elapsed Time Per Partition
 18. Analysis & Synthesis Messages



----------------
; Legal Notice ;
----------------
Copyright (C) 1991-2012 Altera Corporation
Your use of Altera Corporation's design tools, logic functions 
and other software and tools, and its AMPP partner logic 
functions, and any output files from any of the foregoing 
(including device programming or simulation files), and any 
associated documentation or information are expressly subject 
to the terms and conditions of the Altera Program License 
Subscription Agreement, Altera MegaCore Function License 
Agreement, or other applicable license agreement, including, 
without limitation, that your use is for the sole purpose of 
programming logic devices manufactured by Altera and sold by 
Altera or its authorized distributors.  Please refer to the 
applicable agreement for further details.



+------------------------------------------------------------------------------------+
; Analysis & Synthesis Summary                                                       ;
+------------------------------------+-----------------------------------------------+
; Analysis & Synthesis Status        ; Successful - Sun Sep 27 21:26:27 2020         ;
; Quartus II 64-Bit Version          ; 12.1 Build 243 01/31/2013 SP 1 SJ Web Edition ;
; Revision Name                      ; lab1                                          ;
; Top-level Entity Name              ; lab1                                          ;
; Family                             ; Cyclone IV E                                  ;
; Total logic elements               ; 53                                            ;
;     Total combinational functions  ; 53                                            ;
;     Dedicated logic registers      ; 44                                            ;
; Total registers                    ; 44                                            ;
; Total pins                         ; 20                                            ;
; Total virtual pins                 ; 0                                             ;
; Total memory bits                  ; 0                                             ;
; Embedded Multiplier 9-bit elements ; 0                                             ;
; Total PLLs                         ; 0                                             ;
+------------------------------------+-----------------------------------------------+


+----------------------------------------------------------------------------------------------------------------------+
; Analysis & Synthesis Settings                                                                                        ;
+----------------------------------------------------------------------------+--------------------+--------------------+
; Option                                                                     ; Setting            ; Default Value      ;
+----------------------------------------------------------------------------+--------------------+--------------------+
; Device                                                                     ; EP4CE6E22C8        ;                    ;
; Top-level entity name                                                      ; lab1               ; lab1               ;
; Family name                                                                ; Cyclone IV E       ; Cyclone IV GX      ;
; Use smart compilation                                                      ; Off                ; Off                ;
; Enable parallel Assembler and TimeQuest Timing Analyzer during compilation ; On                 ; On                 ;
; Enable compact report table                                                ; Off                ; Off                ;
; Restructure Multiplexers                                                   ; Auto               ; Auto               ;
; Create Debugging Nodes for IP Cores                                        ; Off                ; Off                ;
; Preserve fewer node names                                                  ; On                 ; On                 ;
; Disable OpenCore Plus hardware evaluation                                  ; Off                ; Off                ;
; Verilog Version                                                            ; Verilog_2001       ; Verilog_2001       ;
; VHDL Version                                                               ; VHDL_1993          ; VHDL_1993          ;
; State Machine Processing                                                   ; Auto               ; Auto               ;
; Safe State Machine                                                         ; Off                ; Off                ;
; Extract Verilog State Machines                                             ; On                 ; On                 ;
; Extract VHDL State Machines                                                ; On                 ; On                 ;
; Ignore Verilog initial constructs                                          ; Off                ; Off                ;
; Iteration limit for constant Verilog loops                                 ; 5000               ; 5000               ;
; Iteration limit for non-constant Verilog loops                             ; 250                ; 250                ;
; Add Pass-Through Logic to Inferred RAMs                                    ; On                 ; On                 ;
; Infer RAMs from Raw Logic                                                  ; On                 ; On                 ;
; Parallel Synthesis                                                         ; On                 ; On                 ;
; DSP Block Balancing                                                        ; Auto               ; Auto               ;
; NOT Gate Push-Back                                                         ; On                 ; On                 ;
; Power-Up Don't Care                                                        ; On                 ; On                 ;
; Remove Redundant Logic Cells                                               ; Off                ; Off                ;
; Remove Duplicate Registers                                                 ; On                 ; On                 ;
; Ignore CARRY Buffers                                                       ; Off                ; Off                ;
; Ignore CASCADE Buffers                                                     ; Off                ; Off                ;
; Ignore GLOBAL Buffers                                                      ; Off                ; Off                ;
; Ignore ROW GLOBAL Buffers                                                  ; Off                ; Off                ;
; Ignore LCELL Buffers                                                       ; Off                ; Off                ;
; Ignore SOFT Buffers                                                        ; On                 ; On                 ;
; Limit AHDL Integers to 32 Bits                                             ; Off                ; Off                ;
; Optimization Technique                                                     ; Balanced           ; Balanced           ;
; Carry Chain Length                                                         ; 70                 ; 70                 ;
; Auto Carry Chains                                                          ; On                 ; On                 ;
; Auto Open-Drain Pins                                                       ; On                 ; On                 ;
; Perform WYSIWYG Primitive Resynthesis                                      ; Off                ; Off                ;
; Auto ROM Replacement                                                       ; On                 ; On                 ;
; Auto RAM Replacement                                                       ; On                 ; On                 ;
; Auto DSP Block Replacement                                                 ; On                 ; On                 ;
; Auto Shift Register Replacement                                            ; Auto               ; Auto               ;
; Allow Shift Register Merging across Hierarchies                            ; Auto               ; Auto               ;
; Auto Clock Enable Replacement                                              ; On                 ; On                 ;
; Strict RAM Replacement                                                     ; Off                ; Off                ;
; Allow Synchronous Control Signals                                          ; On                 ; On                 ;
; Force Use of Synchronous Clear Signals                                     ; Off                ; Off                ;
; Auto RAM Block Balancing                                                   ; On                 ; On                 ;
; Auto RAM to Logic Cell Conversion                                          ; Off                ; Off                ;
; Auto Resource Sharing                                                      ; Off                ; Off                ;
; Allow Any RAM Size For Recognition                                         ; Off                ; Off                ;
; Allow Any ROM Size For Recognition                                         ; Off                ; Off                ;
; Allow Any Shift Register Size For Recognition                              ; Off                ; Off                ;
; Use LogicLock Constraints during Resource Balancing                        ; On                 ; On                 ;
; Ignore translate_off and synthesis_off directives                          ; Off                ; Off                ;
; Timing-Driven Synthesis                                                    ; On                 ; On                 ;
; Report Parameter Settings                                                  ; On                 ; On                 ;
; Report Source Assignments                                                  ; On                 ; On                 ;
; Report Connectivity Checks                                                 ; On                 ; On                 ;
; Ignore Maximum Fan-Out Assignments                                         ; Off                ; Off                ;
; Synchronization Register Chain Length                                      ; 2                  ; 2                  ;
; PowerPlay Power Optimization                                               ; Normal compilation ; Normal compilation ;
; HDL message level                                                          ; Level2             ; Level2             ;
; Suppress Register Optimization Related Messages                            ; Off                ; Off                ;
; Number of Removed Registers Reported in Synthesis Report                   ; 5000               ; 5000               ;
; Number of Swept Nodes Reported in Synthesis Report                         ; 5000               ; 5000               ;
; Number of Inverted Registers Reported in Synthesis Report                  ; 100                ; 100                ;
; Clock MUX Protection                                                       ; On                 ; On                 ;
; Auto Gated Clock Conversion                                                ; Off                ; Off                ;
; Block Design Naming                                                        ; Auto               ; Auto               ;
; SDC constraint protection                                                  ; Off                ; Off                ;
; Synthesis Effort                                                           ; Auto               ; Auto               ;
; Shift Register Replacement - Allow Asynchronous Clear Signal               ; On                 ; On                 ;
; Pre-Mapping Resynthesis Optimization                                       ; Off                ; Off                ;
; Analysis & Synthesis Message Level                                         ; Medium             ; Medium             ;
; Disable Register Merging Across Hierarchies                                ; Auto               ; Auto               ;
; Resource Aware Inference For Block RAM                                     ; On                 ; On                 ;
; Synthesis Seed                                                             ; 1                  ; 1                  ;
+----------------------------------------------------------------------------+--------------------+--------------------+


+------------------------------------------+
; Parallel Compilation                     ;
+----------------------------+-------------+
; Processors                 ; Number      ;
+----------------------------+-------------+
; Number detected on machine ; 8           ;
; Maximum allowed            ; 4           ;
;                            ;             ;
; Average used               ; 1.00        ;
; Maximum used               ; 1           ;
;                            ;             ;
; Usage by Processor         ; % Time Used ;
;     1 processor            ; 100.0%      ;
;     2-8 processors         ;   0.0%      ;
+----------------------------+-------------+


+-------------------------------------------------------------------------------------------------------------------------------------------------------------------------+
; Analysis & Synthesis Source Files Read                                                                                                                                  ;
+----------------------------------+-----------------+------------------------------+---------------------------------------------------------------------------+---------+
; File Name with User-Entered Path ; Used in Netlist ; File Type                    ; File Name with Absolute Path                                              ; Library ;
+----------------------------------+-----------------+------------------------------+---------------------------------------------------------------------------+---------+
; vsm.v                            ; yes             ; User Verilog HDL File        ; E:/study/Labs/reconf/lab1/vsm.v                                           ;         ;
; lab1.v                           ; yes             ; User Verilog HDL File        ; E:/study/Labs/reconf/lab1/lab1.v                                          ;         ;
; counter.v                        ; yes             ; User Wizard-Generated File   ; E:/study/Labs/reconf/lab1/counter.v                                       ;         ;
; lpm_counter.tdf                  ; yes             ; Megafunction                 ; c:/altera/12.1sp1/quartus/libraries/megafunctions/lpm_counter.tdf         ;         ;
; lpm_constant.inc                 ; yes             ; Megafunction                 ; c:/altera/12.1sp1/quartus/libraries/megafunctions/lpm_constant.inc        ;         ;
; lpm_decode.inc                   ; yes             ; Megafunction                 ; c:/altera/12.1sp1/quartus/libraries/megafunctions/lpm_decode.inc          ;         ;
; lpm_add_sub.inc                  ; yes             ; Megafunction                 ; c:/altera/12.1sp1/quartus/libraries/megafunctions/lpm_add_sub.inc         ;         ;
; cmpconst.inc                     ; yes             ; Megafunction                 ; c:/altera/12.1sp1/quartus/libraries/megafunctions/cmpconst.inc            ;         ;
; lpm_compare.inc                  ; yes             ; Megafunction                 ; c:/altera/12.1sp1/quartus/libraries/megafunctions/lpm_compare.inc         ;         ;
; lpm_counter.inc                  ; yes             ; Megafunction                 ; c:/altera/12.1sp1/quartus/libraries/megafunctions/lpm_counter.inc         ;         ;
; dffeea.inc                       ; yes             ; Megafunction                 ; c:/altera/12.1sp1/quartus/libraries/megafunctions/dffeea.inc              ;         ;
; alt_counter_stratix.inc          ; yes             ; Megafunction                 ; c:/altera/12.1sp1/quartus/libraries/megafunctions/alt_counter_stratix.inc ;         ;
; aglobal121.inc                   ; yes             ; Megafunction                 ; c:/altera/12.1sp1/quartus/libraries/megafunctions/aglobal121.inc          ;         ;
; db/cntr_sqh.tdf                  ; yes             ; Auto-Generated Megafunction  ; E:/study/Labs/reconf/lab1/db/cntr_sqh.tdf                                 ;         ;
+----------------------------------+-----------------+------------------------------+---------------------------------------------------------------------------+---------+


+-----------------------------------------------------+
; Analysis & Synthesis Resource Usage Summary         ;
+---------------------------------------------+-------+
; Resource                                    ; Usage ;
+---------------------------------------------+-------+
; Estimated Total logic elements              ; 53    ;
;                                             ;       ;
; Total combinational functions               ; 53    ;
; Logic element usage by number of LUT inputs ;       ;
;     -- 4 input functions                    ; 23    ;
;     -- 3 input functions                    ; 8     ;
;     -- <=2 input functions                  ; 22    ;
;                                             ;       ;
; Logic elements by mode                      ;       ;
;     -- normal mode                          ; 37    ;
;     -- arithmetic mode                      ; 16    ;
;                                             ;       ;
; Total registers                             ; 44    ;
;     -- Dedicated logic registers            ; 44    ;
;     -- I/O registers                        ; 0     ;
;                                             ;       ;
; I/O pins                                    ; 20    ;
; Embedded Multiplier 9-bit elements          ; 0     ;
; Maximum fan-out                             ; 25    ;
; Total fan-out                               ; 281   ;
; Average fan-out                             ; 2.05  ;
+---------------------------------------------+-------+


+-----------------------------------------------------------------------------------------------------------------------------------------------------------------------------------------------------------------------------------------------------------+
; Analysis & Synthesis Resource Utilization by Entity                                                                                                                                                                                                       ;
+-------------------------------------------+-------------------+--------------+-------------+--------------+---------+-----------+------+--------------+------------------------------------------------------------------------------------+--------------+
; Compilation Hierarchy Node                ; LC Combinationals ; LC Registers ; Memory Bits ; DSP Elements ; DSP 9x9 ; DSP 18x18 ; Pins ; Virtual Pins ; Full Hierarchy Name                                                                ; Library Name ;
+-------------------------------------------+-------------------+--------------+-------------+--------------+---------+-----------+------+--------------+------------------------------------------------------------------------------------+--------------+
; |lab1                                     ; 53 (22)           ; 44 (22)      ; 0           ; 0            ; 0       ; 0         ; 20   ; 0            ; |lab1                                                                              ;              ;
;    |counter:my_counter|                   ; 11 (0)            ; 11 (0)       ; 0           ; 0            ; 0       ; 0         ; 0    ; 0            ; |lab1|counter:my_counter                                                           ;              ;
;       |lpm_counter:LPM_COUNTER_component| ; 11 (0)            ; 11 (0)       ; 0           ; 0            ; 0       ; 0         ; 0    ; 0            ; |lab1|counter:my_counter|lpm_counter:LPM_COUNTER_component                         ;              ;
;          |cntr_sqh:auto_generated|        ; 11 (11)           ; 11 (11)      ; 0           ; 0            ; 0       ; 0         ; 0    ; 0            ; |lab1|counter:my_counter|lpm_counter:LPM_COUNTER_component|cntr_sqh:auto_generated ;              ;
;    |vsm:my_vsm|                           ; 20 (20)           ; 11 (11)      ; 0           ; 0            ; 0       ; 0         ; 0    ; 0            ; |lab1|vsm:my_vsm                                                                   ;              ;
+-------------------------------------------+-------------------+--------------+-------------+--------------+---------+-----------+------+--------------+------------------------------------------------------------------------------------+--------------+
Note: For table entries with two numbers listed, the numbers in parentheses indicate the number of resources of the given type used by the specific entity alone. The numbers listed outside of parentheses indicate the total resources of the given type used by the specific entity and all of its sub-entities in the hierarchy.


+--------------------------------------------------------------------------------------------------------------------------------+
; Analysis & Synthesis IP Cores Summary                                                                                          ;
+--------+--------------+---------+--------------+--------------+--------------------------+-------------------------------------+
; Vendor ; IP Core Name ; Version ; Release Date ; License Type ; Entity Instance          ; IP Include File                     ;
+--------+--------------+---------+--------------+--------------+--------------------------+-------------------------------------+
; Altera ; LPM_COUNTER  ; 12.1    ; N/A          ; N/A          ; |lab1|counter:my_counter ; E:/study/Labs/reconf/lab1/counter.v ;
+--------+--------------+---------+--------------+--------------+--------------------------+-------------------------------------+


Encoding Type:  One-Hot
+------------------------------------------------------------------------------------------------------------------------------------------------+
; State Machine - |lab1|vsm:my_vsm|state                                                                                                         ;
+-------------------+-----------------+------------------+-------------------+---------------+------------------+-------------------+------------+
; Name              ; state.out_pulse ; state.wait_time2 ; state.load_count2 ; state.wait_sw ; state.wait_time1 ; state.load_count1 ; state.idle ;
+-------------------+-----------------+------------------+-------------------+---------------+------------------+-------------------+------------+
; state.idle        ; 0               ; 0                ; 0                 ; 0             ; 0                ; 0                 ; 0          ;
; state.load_count1 ; 0               ; 0                ; 0                 ; 0             ; 0                ; 1                 ; 1          ;
; state.wait_time1  ; 0               ; 0                ; 0                 ; 0             ; 1                ; 0                 ; 1          ;
; state.wait_sw     ; 0               ; 0                ; 0                 ; 1             ; 0                ; 0                 ; 1          ;
; state.load_count2 ; 0               ; 0                ; 1                 ; 0             ; 0                ; 0                 ; 1          ;
; state.wait_time2  ; 0               ; 1                ; 0                 ; 0             ; 0                ; 0                 ; 1          ;
; state.out_pulse   ; 1               ; 0                ; 0                 ; 0             ; 0                ; 0                 ; 1          ;
+-------------------+-----------------+------------------+-------------------+---------------+------------------+-------------------+------------+


+-----------------------------------------------------------------------------------------------------------------------------------------------+
; Registers Removed During Synthesis                                                                                                            ;
+------------------------------------------------------------------------------------------------------+----------------------------------------+
; Register name                                                                                        ; Reason for Removal                     ;
+------------------------------------------------------------------------------------------------------+----------------------------------------+
; inner_ind0[7]                                                                                        ; Stuck at GND due to stuck port data_in ;
; inner_ind1[7]                                                                                        ; Stuck at GND due to stuck port data_in ;
; counter:my_counter|lpm_counter:LPM_COUNTER_component|cntr_sqh:auto_generated|counter_reg_bit[11..23] ; Lost fanout                            ;
; vsm:my_vsm|state~9                                                                                   ; Lost fanout                            ;
; vsm:my_vsm|state~10                                                                                  ; Lost fanout                            ;
; vsm:my_vsm|state~11                                                                                  ; Lost fanout                            ;
; counter[8..15]                                                                                       ; Lost fanout                            ;
; Total Number of Removed Registers = 26                                                               ;                                        ;
+------------------------------------------------------------------------------------------------------+----------------------------------------+


+------------------------------------------------------+
; General Register Statistics                          ;
+----------------------------------------------+-------+
; Statistic                                    ; Value ;
+----------------------------------------------+-------+
; Total registers                              ; 44    ;
; Number of registers using Synchronous Clear  ; 0     ;
; Number of registers using Synchronous Load   ; 0     ;
; Number of registers using Asynchronous Clear ; 0     ;
; Number of registers using Asynchronous Load  ; 0     ;
; Number of registers using Clock Enable       ; 0     ;
; Number of registers using Preset             ; 0     ;
+----------------------------------------------+-------+


+----------------------------------------------------------------------------------------------------------------------------------------------+
; Multiplexer Restructuring Statistics (Restructuring Performed)                                                                               ;
+--------------------+-----------+---------------+----------------------+------------------------+------------+--------------------------------+
; Multiplexer Inputs ; Bus Width ; Baseline Area ; Area if Restructured ; Saving if Restructured ; Registered ; Example Multiplexer Output     ;
+--------------------+-----------+---------------+----------------------+------------------------+------------+--------------------------------+
; 4:1                ; 3 bits    ; 6 LEs         ; 3 LEs                ; 3 LEs                  ; Yes        ; |lab1|vsm:my_vsm|time_count[2] ;
; 7:1                ; 2 bits    ; 8 LEs         ; 4 LEs                ; 4 LEs                  ; No         ; |lab1|vsm:my_vsm|Selector4     ;
+--------------------+-----------+---------------+----------------------+------------------------+------------+--------------------------------+


+----------------------------------------------------------------------+
; Parameter Settings for User Entity Instance: Top-level Entity: |lab1 ;
+----------------+-------+---------------------------------------------+
; Parameter Name ; Value ; Type                                        ;
+----------------+-------+---------------------------------------------+
; n              ; 16    ; Signed Integer                              ;
+----------------+-------+---------------------------------------------+
Note: In order to hide this table in the UI and the text report file, please set the "Show Parameter Settings in Synthesis Report" option in "Analysis and Synthesis Settings -> More Settings" to "Off".


+---------------------------------------------------------------------------------------------------+
; Parameter Settings for User Entity Instance: counter:my_counter|lpm_counter:LPM_COUNTER_component ;
+------------------------+--------------+-----------------------------------------------------------+
; Parameter Name         ; Value        ; Type                                                      ;
+------------------------+--------------+-----------------------------------------------------------+
; AUTO_CARRY_CHAINS      ; ON           ; AUTO_CARRY                                                ;
; IGNORE_CARRY_BUFFERS   ; OFF          ; IGNORE_CARRY                                              ;
; AUTO_CASCADE_CHAINS    ; ON           ; AUTO_CASCADE                                              ;
; IGNORE_CASCADE_BUFFERS ; OFF          ; IGNORE_CASCADE                                            ;
; LPM_WIDTH              ; 24           ; Signed Integer                                            ;
; LPM_DIRECTION          ; UP           ; Untyped                                                   ;
; LPM_MODULUS            ; 0            ; Untyped                                                   ;
; LPM_AVALUE             ; UNUSED       ; Untyped                                                   ;
; LPM_SVALUE             ; UNUSED       ; Untyped                                                   ;
; LPM_PORT_UPDOWN        ; PORT_UNUSED  ; Untyped                                                   ;
; DEVICE_FAMILY          ; Cyclone IV E ; Untyped                                                   ;
; CARRY_CHAIN            ; MANUAL       ; Untyped                                                   ;
; CARRY_CHAIN_LENGTH     ; 48           ; CARRY_CHAIN_LENGTH                                        ;
; NOT_GATE_PUSH_BACK     ; ON           ; NOT_GATE_PUSH_BACK                                        ;
; CARRY_CNT_EN           ; SMART        ; Untyped                                                   ;
; LABWIDE_SCLR           ; ON           ; Untyped                                                   ;
; USE_NEW_VERSION        ; TRUE         ; Untyped                                                   ;
; CBXI_PARAMETER         ; cntr_sqh     ; Untyped                                                   ;
+------------------------+--------------+-----------------------------------------------------------+
Note: In order to hide this table in the UI and the text report file, please set the "Show Parameter Settings in Synthesis Report" option in "Analysis and Synthesis Settings -> More Settings" to "Off".


+---------------------------------------------------------+
; Parameter Settings for User Entity Instance: vsm:my_vsm ;
+----------------+-------+--------------------------------+
; Parameter Name ; Value ; Type                           ;
+----------------+-------+--------------------------------+
; time_cnt_len   ; 130   ; Signed Integer                 ;
+----------------+-------+--------------------------------+
Note: In order to hide this table in the UI and the text report file, please set the "Show Parameter Settings in Synthesis Report" option in "Analysis and Synthesis Settings -> More Settings" to "Off".


+---------------------------------------------------------------------------------------------------------------------+
; Port Connectivity Checks: "counter:my_counter"                                                                      ;
+-----------+--------+----------+-------------------------------------------------------------------------------------+
; Port      ; Type   ; Severity ; Details                                                                             ;
+-----------+--------+----------+-------------------------------------------------------------------------------------+
; q[23..11] ; Output ; Info     ; Connected to dangling logic. Logic that only feeds a dangling port will be removed. ;
; q[9..2]   ; Output ; Info     ; Connected to dangling logic. Logic that only feeds a dangling port will be removed. ;
; q[0]      ; Output ; Info     ; Connected to dangling logic. Logic that only feeds a dangling port will be removed. ;
+-----------+--------+----------+-------------------------------------------------------------------------------------+


+-------------------------------+
; Elapsed Time Per Partition    ;
+----------------+--------------+
; Partition Name ; Elapsed Time ;
+----------------+--------------+
; Top            ; 00:00:00     ;
+----------------+--------------+


+-------------------------------+
; Analysis & Synthesis Messages ;
+-------------------------------+
Info: *******************************************************************
Info: Running Quartus II 64-Bit Analysis & Synthesis
    Info: Version 12.1 Build 243 01/31/2013 Service Pack 1 SJ Web Edition
    Info: Processing started: Sun Sep 27 21:26:23 2020
Info: Command: quartus_map --read_settings_files=on --write_settings_files=off lab1 -c lab1
Info (11104): Parallel Compilation has detected 8 hyper-threaded processors. However, the extra hyper-threaded processors will not be used by default. Parallel Compilation will use 4 of the 4 physical processors detected instead.
Info (12021): Found 1 design units, including 1 entities, in source file vsm.v
    Info (12023): Found entity 1: vsm
Info (12021): Found 1 design units, including 1 entities, in source file lab1.v
    Info (12023): Found entity 1: lab1
Info (12021): Found 1 design units, including 1 entities, in source file counter.v
    Info (12023): Found entity 1: counter
Warning (10222): Verilog HDL Parameter Declaration warning at vsm.v(3): Parameter Declaration in module "vsm" behaves as a Local Parameter Declaration because the module has a Module Parameter Port List
Warning (10222): Verilog HDL Parameter Declaration warning at vsm.v(4): Parameter Declaration in module "vsm" behaves as a Local Parameter Declaration because the module has a Module Parameter Port List
Warning (10222): Verilog HDL Parameter Declaration warning at vsm.v(5): Parameter Declaration in module "vsm" behaves as a Local Parameter Declaration because the module has a Module Parameter Port List
Warning (10222): Verilog HDL Parameter Declaration warning at vsm.v(6): Parameter Declaration in module "vsm" behaves as a Local Parameter Declaration because the module has a Module Parameter Port List
Warning (10222): Verilog HDL Parameter Declaration warning at vsm.v(7): Parameter Declaration in module "vsm" behaves as a Local Parameter Declaration because the module has a Module Parameter Port List
Warning (10222): Verilog HDL Parameter Declaration warning at vsm.v(8): Parameter Declaration in module "vsm" behaves as a Local Parameter Declaration because the module has a Module Parameter Port List
Warning (10222): Verilog HDL Parameter Declaration warning at vsm.v(9): Parameter Declaration in module "vsm" behaves as a Local Parameter Declaration because the module has a Module Parameter Port List
Info (12127): Elaborating entity "lab1" for the top level hierarchy
Warning (10230): Verilog HDL assignment warning at lab1.v(18): truncated value with size 32 to match size of target (16)
Info (12128): Elaborating entity "counter" for hierarchy "counter:my_counter"
Info (12128): Elaborating entity "lpm_counter" for hierarchy "counter:my_counter|lpm_counter:LPM_COUNTER_component"
Info (12130): Elaborated megafunction instantiation "counter:my_counter|lpm_counter:LPM_COUNTER_component"
Info (12133): Instantiated megafunction "counter:my_counter|lpm_counter:LPM_COUNTER_component" with the following parameter:
    Info (12134): Parameter "lpm_direction" = "UP"
    Info (12134): Parameter "lpm_port_updown" = "PORT_UNUSED"
    Info (12134): Parameter "lpm_type" = "LPM_COUNTER"
    Info (12134): Parameter "lpm_width" = "24"
Info (12021): Found 1 design units, including 1 entities, in source file db/cntr_sqh.tdf
    Info (12023): Found entity 1: cntr_sqh
Info (12128): Elaborating entity "cntr_sqh" for hierarchy "counter:my_counter|lpm_counter:LPM_COUNTER_component|cntr_sqh:auto_generated"
Info (12128): Elaborating entity "vsm" for hierarchy "vsm:my_vsm"
Warning (10230): Verilog HDL assignment warning at vsm.v(26): truncated value with size 32 to match size of target (3)
Warning (10230): Verilog HDL assignment warning at vsm.v(34): truncated value with size 32 to match size of target (3)
Warning (10230): Verilog HDL assignment warning at vsm.v(43): truncated value with size 32 to match size of target (3)
Warning (10230): Verilog HDL assignment warning at vsm.v(54): truncated value with size 32 to match size of target (3)
Warning (13024): Output pins are stuck at VCC or GND
    Warning (13410): Pin "ind0[7]" is stuck at GND
    Warning (13410): Pin "ind1[7]" is stuck at GND
Info (286030): Timing-Driven Synthesis is running
Info (17049): 24 registers lost all their fanouts during netlist optimizations.
Info (16010): Generating hard_block partition "hard_block:auto_generated_inst"
    Info (16011): Adding 0 node(s), including 0 DDIO, 0 PLL, 0 transceiver and 0 LCELL
Info (21057): Implemented 73 device resources after synthesis - the final resource count might be different
    Info (21058): Implemented 2 input pins
    Info (21059): Implemented 18 output pins
    Info (21061): Implemented 53 logic cells
Info: Quartus II 64-Bit Analysis & Synthesis was successful. 0 errors, 15 warnings
    Info: Peak virtual memory: 468 megabytes
    Info: Processing ended: Sun Sep 27 21:26:27 2020
    Info: Elapsed time: 00:00:04
    Info: Total CPU time (on all processors): 00:00:04


