Info: Starting: Create simulation model
Info: ip-generate --project-directory=E:/study/Labs/reconf/lab2/ --output-directory=E:/study/Labs/reconf/lab2/nios/simulation/ --file-set=SIM_VERILOG --report-file=sopcinfo:E:/study/Labs/reconf/lab2/nios.sopcinfo --report-file=html:E:/study/Labs/reconf/lab2/nios.html --report-file=sip:E:/study/Labs/reconf/lab2/nios/simulation/nios.sip --report-file=csv:E:/study/Labs/reconf/lab2/nios.csv --report-file=spd:E:/study/Labs/reconf/lab2/nios.spd --report-file=cmp:E:/study/Labs/reconf/lab2/nios.cmp --system-info=DEVICE_FAMILY="Cyclone IV E" --system-info=DEVICE=EP4CE6E22C8 --system-info=DEVICE_SPEEDGRADE=8 --component-file=E:/study/Labs/reconf/lab2/nios.qsys
Progress: Loading lab2/nios.qsys
Progress: Reading input file
Progress: Adding clk_0 [clock_source 12.1]
Progress: Parameterizing module clk_0
Progress: Adding nios2_qsys_0 [altera_nios2_qsys 12.1]
Progress: Parameterizing module nios2_qsys_0
Progress: Adding onchip_memory2_0 [altera_avalon_onchip_memory2 12.1]
Progress: Parameterizing module onchip_memory2_0
Progress: Adding pio_0 [altera_avalon_pio 12.1]
Progress: Parameterizing module pio_0
Progress: Building connections
Progress: Parameterizing connections
Progress: Validating
Progress: Done reading input file
Info: nios.onchip_memory2_0: User is required to provide memory initialization files for memory .
Info: nios.onchip_memory2_0: Memory will be initialized from E:\study\Labs\reconf\lab2\software\nios\mem_init\onchip_memory2_0.hex.hex
Info: nios: Generating nios "nios" for SIM_VERILOG
Info: pipeline_bridge_swap_transform: After transform: 4 modules, 15 connections
Info: No custom instruction connections, skipping transform 
Info: merlin_translator_transform: After transform: 9 modules, 35 connections
Info: merlin_domain_transform: After transform: 18 modules, 92 connections
Info: merlin_router_transform: After transform: 23 modules, 112 connections
Info: reset_adaptation_transform: After transform: 24 modules, 89 connections
Info: merlin_network_to_switch_transform: After transform: 33 modules, 111 connections
Info: merlin_interrupt_mapper_transform: After transform: 34 modules, 114 connections
Info: nios2_qsys_0: Starting RTL generation for module 'nios_nios2_qsys_0'
Info: nios2_qsys_0:   Generation command is [exec C:/altera/12.1sp1/quartus/../ip/altera/nios2_ip/altera_nios2/eperl.exe -I C:/altera/12.1sp1/quartus/common/ip/altera/common/perl/5.8.3 -I C:/altera/12.1sp1/quartus/sopc_builder/bin/europa -I C:/altera/12.1sp1/quartus/sopc_builder/bin/perl_lib -I C:/altera/12.1sp1/quartus/sopc_builder/bin -I C:/altera/12.1sp1/quartus/../ip/altera/nios2_ip/altera_nios2/cpu_lib -I C:/altera/12.1sp1/quartus/../ip/altera/nios2_ip/altera_nios2/nios_lib -I C:/altera/12.1sp1/quartus/../ip/altera/nios2_ip/altera_nios2 -I C:/altera/12.1sp1/quartus/../ip/altera/nios2_ip/altera_nios2 -- C:/altera/12.1sp1/quartus/../ip/altera/nios2_ip/altera_nios2/generate_rtl.epl --name=nios_nios2_qsys_0 --dir=C:/Users/MARO4_~1/AppData/Local/Temp/alt8545_7418123167005697551.dir/0091_nios2_qsys_0_gen/ --quartus_dir=C:/altera/12.1sp1/quartus --verilog --config=C:/Users/MARO4_~1/AppData/Local/Temp/alt8545_7418123167005697551.dir/0091_nios2_qsys_0_gen//nios_nios2_qsys_0_processor_configuration.pl  --do_build_sim=1    --sim_dir=C:/Users/MARO4_~1/AppData/Local/Temp/alt8545_7418123167005697551.dir/0091_nios2_qsys_0_gen/    --bogus  ]
Info: nios2_qsys_0: # 2020.10.10 16:57:29 (*) Starting Nios II generation
Info: nios2_qsys_0: # 2020.10.10 16:57:29 (*)   Checking for plaintext license.
Info: nios2_qsys_0: # 2020.10.10 16:57:31 (*)   Couldn't query license setup in Quartus directory C:/altera/12.1sp1/quartus
Info: nios2_qsys_0: # 2020.10.10 16:57:31 (*)   Defaulting to contents of LM_LICENSE_FILE environment variable
Info: nios2_qsys_0: # 2020.10.10 16:57:31 (*)   Plaintext license not found.
Info: nios2_qsys_0: # 2020.10.10 16:57:31 (*)   No license required to generate encrypted Nios II/e.
Info: nios2_qsys_0: # 2020.10.10 16:57:31 (*)   Elaborating CPU configuration settings
Info: nios2_qsys_0: # 2020.10.10 16:57:31 (*)   Creating all objects for CPU
Info: nios2_qsys_0: # 2020.10.10 16:57:33 (*)   Creating 'C:/Users/MARO4_~1/AppData/Local/Temp/alt8545_7418123167005697551.dir/0091_nios2_qsys_0_gen//nios_nios2_qsys_0.do'
Info: nios2_qsys_0: # 2020.10.10 16:57:33 (*)   Generating RTL from CPU objects
Info: nios2_qsys_0: # 2020.10.10 16:57:33 (*)   Creating plain-text RTL
Info: nios2_qsys_0: # 2020.10.10 16:57:35 (*) Done Nios II generation
Info: nios2_qsys_0: Done RTL generation for module 'nios_nios2_qsys_0'
Info: nios2_qsys_0: "nios" instantiated altera_nios2_qsys "nios2_qsys_0"
Info: Starting classic module elaboration.
      1 [main] sh 8360 find_fast_cwd: WARNING: Couldn't compute FAST_CWD pointer.  Please report this problem to
the public mailing list cygwin@cygwin.com
Qt: Untested Windows version 6.2 detected!
"c:/altera/12.1sp1/quartus/bin/jre/bin/java.exe" -Xmx512M -classpath "c:/altera/12.1sp1/quartus/sopc_builder/bin/sopc_builder.jar;c:/altera/12.1sp1/quartus/sopc_builder/bin/PinAssigner.jar;c:/altera/12.1sp1/quartus/sopc_builder/bin/sopc_wizard.jar;c:/altera/12.1sp1/quartus/sopc_builder/bin/jptf.jar" sopc_builder.sopc_builder  -d"c:/altera/12.1sp1/quartus/sopc_builder" -notalkback=1 -projectnameyysystem.qpf -projectpathC:/Users/MARO4_~1/AppData/Local/Temp/alt8545_7418123167005697551.dir/0092_sopclgen  --no_splash --refresh C:/Users/MARO4_~1/AppData/Local/Temp/alt8545_7418123167005697551.dir/0092_sopclgen/yysystem.v --quartus_dir="c:/altera/12.1sp1/quartus" --sopc_perl="c:/altera/12.1sp1/quartus/bin/perl" --sopc_lib_path="++c:/altera/12.1sp1/quartus/../ip/altera/sopc_builder_ip+c:/altera/12.1sp1/quartus/../ip/altera/nios2_ip"
Info: Finished elaborating classic module.
Executing: C:/altera/12.1sp1/quartus//sopc_builder/bin/sopc_builder --classic --generate C:/Users/MARO4_~1/AppData/Local/Temp/alt8545_7418123167005697551.dir/0092_sopclgen/yysystem.ptf
Info: Running sopc_builder...
      1 [main] sh 16148 find_fast_cwd: WARNING: Couldn't compute FAST_CWD pointer.  Please report this problem to
the public mailing list cygwin@cygwin.com
Qt: Untested Windows version 6.2 detected!
"c:/altera/12.1sp1/quartus/bin/jre/bin/java.exe" -Xmx512M -classpath "c:/altera/12.1sp1/quartus/sopc_builder/bin/sopc_builder.jar;c:/altera/12.1sp1/quartus/sopc_builder/bin/PinAssigner.jar;c:/altera/12.1sp1/quartus/sopc_builder/bin/sopc_wizard.jar;c:/altera/12.1sp1/quartus/sopc_builder/bin/jptf.jar" sopc_builder.sopc_builder  -d"c:/altera/12.1sp1/quartus/sopc_builder" -notalkback=1 -projectnameyysystem.qpf -projectpathC:/Users/MARO4_~1/AppData/Local/Temp/alt8545_7418123167005697551.dir/0092_sopclgen  --generate C:/Users/MARO4_~1/AppData/Local/Temp/alt8545_7418123167005697551.dir/0092_sopclgen/yysystem.v --quartus_dir="c:/altera/12.1sp1/quartus" --sopc_perl="c:/altera/12.1sp1/quartus/bin/perl" --sopc_lib_path="++c:/altera/12.1sp1/quartus/../ip/altera/sopc_builder_ip+c:/altera/12.1sp1/quartus/../ip/altera/nios2_ip"
No .sopc_builder configuration file(!)
.
# 2020.10.10 16:57:41 (*) Success: sopc_builder finished.
Info: onchip_memory2_0: "nios" instantiated altera_avalon_onchip_memory2 "onchip_memory2_0"
Info: Starting classic module elaboration.
      1 [main] sh 8024 find_fast_cwd: WARNING: Couldn't compute FAST_CWD pointer.  Please report this problem to
the public mailing list cygwin@cygwin.com
Qt: Untested Windows version 6.2 detected!
"c:/altera/12.1sp1/quartus/bin/jre/bin/java.exe" -Xmx512M -classpath "c:/altera/12.1sp1/quartus/sopc_builder/bin/sopc_builder.jar;c:/altera/12.1sp1/quartus/sopc_builder/bin/PinAssigner.jar;c:/altera/12.1sp1/quartus/sopc_builder/bin/sopc_wizard.jar;c:/altera/12.1sp1/quartus/sopc_builder/bin/jptf.jar" sopc_builder.sopc_builder  -d"c:/altera/12.1sp1/quartus/sopc_builder" -notalkback=1 -projectnameyysystem.qpf -projectpathC:/Users/MARO4_~1/AppData/Local/Temp/alt8545_7418123167005697551.dir/0093_sopclgen  --no_splash --refresh C:/Users/MARO4_~1/AppData/Local/Temp/alt8545_7418123167005697551.dir/0093_sopclgen/yysystem.v --quartus_dir="c:/altera/12.1sp1/quartus" --sopc_perl="c:/altera/12.1sp1/quartus/bin/perl" --sopc_lib_path="++c:/altera/12.1sp1/quartus/../ip/altera/sopc_builder_ip+c:/altera/12.1sp1/quartus/../ip/altera/nios2_ip"
Info: Finished elaborating classic module.
Executing: C:/altera/12.1sp1/quartus//sopc_builder/bin/sopc_builder --classic --generate C:/Users/MARO4_~1/AppData/Local/Temp/alt8545_7418123167005697551.dir/0093_sopclgen/yysystem.ptf
Info: Running sopc_builder...
      1 [main] sh 12192 find_fast_cwd: WARNING: Couldn't compute FAST_CWD pointer.  Please report this problem to
the public mailing list cygwin@cygwin.com
Qt: Untested Windows version 6.2 detected!
"c:/altera/12.1sp1/quartus/bin/jre/bin/java.exe" -Xmx512M -classpath "c:/altera/12.1sp1/quartus/sopc_builder/bin/sopc_builder.jar;c:/altera/12.1sp1/quartus/sopc_builder/bin/PinAssigner.jar;c:/altera/12.1sp1/quartus/sopc_builder/bin/sopc_wizard.jar;c:/altera/12.1sp1/quartus/sopc_builder/bin/jptf.jar" sopc_builder.sopc_builder  -d"c:/altera/12.1sp1/quartus/sopc_builder" -notalkback=1 -projectnameyysystem.qpf -projectpathC:/Users/MARO4_~1/AppData/Local/Temp/alt8545_7418123167005697551.dir/0093_sopclgen  --generate C:/Users/MARO4_~1/AppData/Local/Temp/alt8545_7418123167005697551.dir/0093_sopclgen/yysystem.v --quartus_dir="c:/altera/12.1sp1/quartus" --sopc_perl="c:/altera/12.1sp1/quartus/bin/perl" --sopc_lib_path="++c:/altera/12.1sp1/quartus/../ip/altera/sopc_builder_ip+c:/altera/12.1sp1/quartus/../ip/altera/nios2_ip"
No .sopc_builder configuration file(!)
.
# 2020.10.10 16:57:47 (*) Success: sopc_builder finished.
Info: pio_0: "nios" instantiated altera_avalon_pio "pio_0"
Info: nios2_qsys_0_instruction_master_translator: "nios" instantiated altera_merlin_master_translator "nios2_qsys_0_instruction_master_translator"
Info: nios2_qsys_0_jtag_debug_module_translator: "nios" instantiated altera_merlin_slave_translator "nios2_qsys_0_jtag_debug_module_translator"
Info: nios2_qsys_0_instruction_master_translator_avalon_universal_master_0_agent: "nios" instantiated altera_merlin_master_agent "nios2_qsys_0_instruction_master_translator_avalon_universal_master_0_agent"
Info: nios2_qsys_0_jtag_debug_module_translator_avalon_universal_slave_0_agent: "nios" instantiated altera_merlin_slave_agent "nios2_qsys_0_jtag_debug_module_translator_avalon_universal_slave_0_agent"
Info: nios2_qsys_0_jtag_debug_module_translator_avalon_universal_slave_0_agent_rsp_fifo: "nios" instantiated altera_avalon_sc_fifo "nios2_qsys_0_jtag_debug_module_translator_avalon_universal_slave_0_agent_rsp_fifo"
Info: addr_router: "nios" instantiated altera_merlin_router "addr_router"
Info: id_router: "nios" instantiated altera_merlin_router "id_router"
Info: rst_controller: "nios" instantiated altera_reset_controller "rst_controller"
Info: cmd_xbar_demux: "nios" instantiated altera_merlin_demultiplexer "cmd_xbar_demux"
Info: cmd_xbar_mux: "nios" instantiated altera_merlin_multiplexer "cmd_xbar_mux"
Info: rsp_xbar_demux: "nios" instantiated altera_merlin_demultiplexer "rsp_xbar_demux"
Info: rsp_xbar_mux: "nios" instantiated altera_merlin_multiplexer "rsp_xbar_mux"
Info: Reusing file E:/study/Labs/reconf/lab2/nios/simulation/submodules/altera_merlin_arbitrator.sv
Info: irq_mapper: "nios" instantiated altera_irq_mapper "irq_mapper"
Info: nios: Done nios" with 17 modules, 59 files, 961064 bytes
Info: ip-generate succeeded.
Info: Finished: Create simulation model
Info: Starting: Create Modelsim Project.
Info: sim-script-gen --spd=E:/study/Labs/reconf/lab2/nios.spd --output-directory=E:/study/Labs/reconf/lab2/nios/simulation/
Info: Doing: ip-make-simscript --spd=E:/study/Labs/reconf/lab2/nios.spd --output-directory=E:/study/Labs/reconf/lab2/nios/simulation/
Info: Generating the following file(s) for MODELSIM simulator in E:/study/Labs/reconf/lab2/nios/simulation/ directory:
Info: 	mentor/msim_setup.tcl
Info: Generating the following file(s) for VCS simulator in E:/study/Labs/reconf/lab2/nios/simulation/ directory:
Info: 	synopsys/vcs/vcs_setup.sh
Info: Generating the following file(s) for VCSMX simulator in E:/study/Labs/reconf/lab2/nios/simulation/ directory:
Info: 	synopsys/vcsmx/synopsys_sim.setup
Info: 	synopsys/vcsmx/vcsmx_setup.sh
Info: Generating the following file(s) for NCSIM simulator in E:/study/Labs/reconf/lab2/nios/simulation/ directory:
Info: 	cadence/cds.lib
Info: 	cadence/hdl.var
Info: 	cadence/ncsim_setup.sh
Info: 	16 .cds.lib files in cadence/cds_libs/ directory
Info: Generating the following file(s) for RIVIERAPRO simulator in E:/study/Labs/reconf/lab2/nios/simulation/ directory:
Info: 	aldec/rivierapro_setup.tcl
Info: Finished: Create Modelsim Project.
Info: 
Info: Starting: Create testbench Qsys system
Info: E:/study/Labs/reconf/lab2/nios/testbench/nios.ipx
Info: ip-generate --project-directory=E:/study/Labs/reconf/lab2/ --output-directory=E:/study/Labs/reconf/lab2/ --report-file=sopcinfo:E:/study/Labs/reconf/lab2/nios.sopcinfo --report-file=html:E:/study/Labs/reconf/lab2/nios.html --system-info=DEVICE_FAMILY="Cyclone IV E" --system-info=DEVICE=EP4CE6E22C8 --system-info=DEVICE_SPEEDGRADE=8 --component-file=E:/study/Labs/reconf/lab2/nios.qsys
Progress: Loading lab2/nios.qsys
Progress: Reading input file
Progress: Adding clk_0 [clock_source 12.1]
Progress: Parameterizing module clk_0
Progress: Adding nios2_qsys_0 [altera_nios2_qsys 12.1]
Progress: Parameterizing module nios2_qsys_0
Progress: Adding onchip_memory2_0 [altera_avalon_onchip_memory2 12.1]
Progress: Parameterizing module onchip_memory2_0
Progress: Adding pio_0 [altera_avalon_pio 12.1]
Progress: Parameterizing module pio_0
Progress: Building connections
Progress: Parameterizing connections
Progress: Validating
Progress: Done reading input file
Info: nios.onchip_memory2_0: User is required to provide memory initialization files for memory .
Info: nios.onchip_memory2_0: Memory will be initialized from E:\study\Labs\reconf\lab2\software\nios\mem_init\onchip_memory2_0.hex.hex
Info: ip-generate succeeded.
Info: Loading component library for testbench.
Progress: 
Progress: 
Progress: 
Progress: (1) searching C:/altera/12.1sp1/quartus/sopc_builder/bin/root_components.ipx (ipx file)
Info: Reading index C:/altera/12.1sp1/quartus/sopc_builder/bin/root_components.ipx
Info: C:/altera/12.1sp1/quartus/sopc_builder/bin/root_components.ipx: Loading now from components.ipx
Info: Reading index C:/altera/12.1sp1/quartus/sopc_builder/bin/ip_component_categories.ipx
Info: C:/altera/12.1sp1/quartus/sopc_builder/bin/ip_component_categories.ipx described 0 plugins, 0 paths, in 0,01 seconds
Info: C:/altera/12.1sp1/quartus/sopc_builder/bin/ip_component_categories.ipx matched 1 files in 0,01 seconds
Info: Reading index C:/altera/12.1sp1/ip/altera/altera_components.ipx
Info: C:/altera/12.1sp1/ip/altera/altera_components.ipx described 740 plugins, 0 paths, in 0,14 seconds
Progress: Loading component/sls_avalon_udsc_hw.tcl
Info: C:\altera\12.1sp1\ip\sls\udsc\hardware\component\sls_avalon_udsc_hw.tcl: no _hw.tcl package requested, assuming package require -exact sopc 9.0
Progress: Loading component/sls_avalon_usb20hc_hw.tcl
Info: C:\altera\12.1sp1\ip\sls\usb20hc\hardware\component\sls_avalon_usb20hc_hw.tcl: no _hw.tcl package requested, assuming package require -exact sopc 9.0
Progress: Loading component/sls_avalon_usb20hr_hw.tcl
Info: C:\altera\12.1sp1\ip\sls\usb20hr\hardware\component\sls_avalon_usb20hr_hw.tcl: no _hw.tcl package requested, assuming package require -exact sopc 9.0
Progress: Loading component/sls_avalon_usb20sr_hw.tcl
Info: C:\altera\12.1sp1\ip\sls\usb20sr\hardware\component\sls_avalon_usb20sr_hw.tcl: no _hw.tcl package requested, assuming package require -exact sopc 9.0
Progress: Loading component/sls_avalon_udsc_hw.tcl
Info: C:\altera\12.1sp1\ip\sls\usb20sr\udsc\hardware\component\sls_avalon_udsc_hw.tcl: no _hw.tcl package requested, assuming package require -exact sopc 9.0
Progress: Loading component/sls_avalon_usb20sr_hw.tcl
Info: C:\altera\12.1sp1\ip\sls\usb20sr\usb20sr\hardware\component\sls_avalon_usb20sr_hw.tcl: no _hw.tcl package requested, assuming package require -exact sopc 9.0
Info: C:/altera/12.1sp1/ip/**/* matched 1206 files in 0,44 seconds
Info: Reading index E:/Cadence/SPB_Data/.altera.quartus/ip/12.1sp1/ip_search_path/user_components.ipx
Info: E:/Cadence/SPB_Data/.altera.quartus/ip/12.1sp1/ip_search_path/user_components.ipx described 0 plugins, 0 paths, in 0,00 seconds
Info: E:/Cadence/SPB_Data/.altera.quartus/ip/12.1sp1/**/* matched 2 files in 0,00 seconds
Info: E:/study/Labs/reconf/lab2/nios/testbench/ip/**/* matched 0 files in 0,00 seconds
Info: Reading index E:/study/Labs/reconf/lab2/nios/testbench/nios.ipx
Progress: Loading lab2/nios.qsys
Info: E:/study/Labs/reconf/lab2/* matched 26 files in 0,00 seconds
Info: E:/study/Labs/reconf/lab2/ip/**/* matched 0 files in 0,00 seconds
Info: E:/study/Labs/reconf/lab2/*/* matched 92 files in 0,02 seconds
Info: E:/study/Labs/reconf/lab2/nios/testbench/nios.ipx described 0 plugins, 3 paths, in 0,02 seconds
Progress: Loading testbench/nios_tb.qsys
Info: E:/study/Labs/reconf/lab2/nios/testbench/* matched 8 files in 0,02 seconds
Info: E:/study/Labs/reconf/lab2/nios/testbench/*/* matched 9 files in 0,00 seconds
Info: Reading index C:/altera/12.1sp1/quartus/sopc_builder/builtin.ipx
Info: C:/altera/12.1sp1/quartus/sopc_builder/builtin.ipx described 98 plugins, 0 paths, in 0,02 seconds
Info: C:/altera/12.1sp1/quartus/sopc_builder/**/* matched 9 files in 0,02 seconds
Info: Reading index C:/altera/12.1sp1/quartus/common/librarian/factories/index.ipx
Info: C:/altera/12.1sp1/quartus/common/librarian/factories/index.ipx described 150 plugins, 0 paths, in 0,02 seconds
Info: C:/altera/12.1sp1/quartus/common/librarian/factories/**/* matched 4 files in 0,02 seconds
Info: C:/altera/12.1sp1/quartus/sopc_builder/bin/$IP_IPX_PATH matched 1 files in 0,00 seconds
Info: C:/altera/12.1sp1/quartus/sopc_builder/bin/root_components.ipx described 0 plugins, 9 paths, in 0,52 seconds
Info: C:/altera/12.1sp1/quartus/sopc_builder/bin/root_components.ipx matched 1 files in 0,52 seconds
Progress: 
Progress: 
Progress: 
Info: Loading presets
Progress: Loading presets
Debug: Script: C:/altera/12.1sp1/quartus/sopc_builder/bin/tbgen.tcl
Info: Running script C:/altera/12.1sp1/quartus/sopc_builder/bin/tbgen.tcl
Info: sopc::set_package_version 12.1
Info: send_message Info TB_Gen: QSYS Testbench Generator Rev: $Revision: #1 $
Info: TB_Gen: QSYS Testbench Generator Rev: $Revision: #1 $
Info: get_module_property NAME
Info: send_message Info TB_Gen: System design is: nios
Info: TB_Gen: System design is: nios
Info: get_interfaces 
Info: get_connections 
Info: get_interface_property clk EXPORT_OF
Info: get_instance_property clk_0 CLASS_NAME
Info: get_instance_assignment clk_0 testbench.partner.map.clk_in
Info: get_interface_property pio_0_external_connection EXPORT_OF
Info: get_instance_property pio_0 CLASS_NAME
Info: get_instance_assignment pio_0 testbench.partner.map.external_connection
Info: get_interface_property clk_0_clk_in_reset EXPORT_OF
Info: get_instance_property clk_0 CLASS_NAME
Info: get_instance_assignment clk_0 testbench.partner.map.clk_in_reset
Info: send_message Info TB_Gen: Creating testbench system : nios_tb with all standard BFMs
Info: TB_Gen: Creating testbench system : nios_tb with all standard BFMs
Info: create_system nios_tb QSYS
Info: add_instance nios_inst nios 
Info: set_use_testbench_naming_pattern true
Info: get_instance_interfaces nios_inst
Info: get_instance_interface_property nios_inst clk CLASS_NAME
Info: get_instance_interface_property nios_inst pio_0_external_connection CLASS_NAME
Info: get_instance_interface_property nios_inst clk_0_clk_in_reset CLASS_NAME
Info: send_message Info TB_Gen: clock_sink found: clk
Info: TB_Gen: clock_sink found: clk
Info: get_instance_interface_property nios_inst clk CLASS_NAME
Info: add_instance nios_inst_clk_bfm altera_avalon_clock_source 
Info: get_instance_property nios_inst_clk_bfm CLASS_NAME
Info: get_instance_interface_parameter_value nios_inst clk clockRate
Info: set_instance_parameter_value nios_inst_clk_bfm CLOCK_RATE 50000000.0
Info: set_instance_parameter_value nios_inst_clk_bfm CLOCK_UNIT 1
Info: get_instance_interface_property nios_inst clk CLASS_NAME
Info: get_instance_interfaces nios_inst_clk_bfm
Info: get_instance_interface_property nios_inst_clk_bfm clk CLASS_NAME
Info: add_connection nios_inst_clk_bfm.clk nios_inst.clk
Info: send_message Info TB_Gen: reset_sink found: clk_0_clk_in_reset
Info: TB_Gen: reset_sink found: clk_0_clk_in_reset
Info: get_instance_interface_property nios_inst clk_0_clk_in_reset CLASS_NAME
Info: add_instance nios_inst_clk_0_clk_in_reset_bfm altera_avalon_reset_source 
Info: get_instance_property nios_inst_clk_0_clk_in_reset_bfm CLASS_NAME
Info: get_instance_interface_ports nios_inst clk_0_clk_in_reset
Info: get_instance_interface_port_property nios_inst clk_0_clk_in_reset clk_0_clk_in_reset_reset_n ROLE
Info: set_instance_parameter_value nios_inst_clk_0_clk_in_reset_bfm ASSERT_HIGH_RESET 0
Info: set_instance_parameter_value nios_inst_clk_0_clk_in_reset_bfm INITIAL_RESET_CYCLES 50
Info: get_instance_property nios_inst_clk_0_clk_in_reset_bfm CLASS_NAME
Info: get_instance_interfaces nios_inst_clk_0_clk_in_reset_bfm
Info: get_instance_interface_property nios_inst_clk_0_clk_in_reset_bfm reset CLASS_NAME
Info: get_instance_interface_property nios_inst_clk_0_clk_in_reset_bfm clk CLASS_NAME
Info: get_instance_interface_parameter_value nios_inst clk_0_clk_in_reset associatedClock
Info: get_instance_interfaces nios_inst_clk_bfm
Info: get_instance_interface_property nios_inst_clk_bfm clk CLASS_NAME
Info: send_message Warning TB_Gen: nios_inst_clk_0_clk_in_reset_bfm is not associated to any clock
Warning: TB_Gen: nios_inst_clk_0_clk_in_reset_bfm is not associated to any clock
Info: send_message Warning TB_Gen: Connecting nios_inst_clk_0_clk_in_reset_bfm to 'nios_inst_clk_bfm.clk'
Warning: TB_Gen: Connecting nios_inst_clk_0_clk_in_reset_bfm to 'nios_inst_clk_bfm.clk'
Info: add_connection nios_inst_clk_bfm.clk nios_inst_clk_0_clk_in_reset_bfm.clk
Info: get_instance_interface_property nios_inst clk_0_clk_in_reset CLASS_NAME
Info: get_instance_interfaces nios_inst_clk_0_clk_in_reset_bfm
Info: get_instance_interface_property nios_inst_clk_0_clk_in_reset_bfm reset CLASS_NAME
Info: get_instance_interface_property nios_inst_clk_0_clk_in_reset_bfm clk CLASS_NAME
Info: add_connection nios_inst_clk_0_clk_in_reset_bfm.reset nios_inst.clk_0_clk_in_reset
Info: send_message Info TB_Gen: conduit found: pio_0_external_connection
Info: TB_Gen: conduit found: pio_0_external_connection
Info: get_instance_interface_property nios_inst pio_0_external_connection CLASS_NAME
Info: add_instance nios_inst_pio_0_external_connection_bfm altera_conduit_bfm 
Info: get_instance_property nios_inst_pio_0_external_connection_bfm CLASS_NAME
Info: get_instance_interface_parameter_value nios_inst pio_0_external_connection associatedClock
Info: get_instance_interface_parameter_value nios_inst pio_0_external_connection associatedReset
Info: get_instance_interface_ports nios_inst pio_0_external_connection
Info: get_instance_interface_port_property nios_inst pio_0_external_connection pio_0_external_connection_export ROLE
Info: get_instance_interface_port_property nios_inst pio_0_external_connection pio_0_external_connection_export WIDTH
Info: get_instance_interface_port_property nios_inst pio_0_external_connection pio_0_external_connection_export DIRECTION
Info: set_instance_parameter_value nios_inst_pio_0_external_connection_bfm CLOCKED_SIGNAL 0
Info: set_instance_parameter_value nios_inst_pio_0_external_connection_bfm ENABLE_RESET 0
Info: set_instance_parameter_value nios_inst_pio_0_external_connection_bfm SIGNAL_ROLES export
Info: set_instance_parameter_value nios_inst_pio_0_external_connection_bfm SIGNAL_WIDTHS 8
Info: set_instance_parameter_value nios_inst_pio_0_external_connection_bfm SIGNAL_DIRECTIONS input
Info: get_instance_interface_property nios_inst pio_0_external_connection CLASS_NAME
Info: get_instance_interfaces nios_inst_pio_0_external_connection_bfm
Info: get_instance_interface_property nios_inst_pio_0_external_connection_bfm conduit CLASS_NAME
Info: add_connection nios_inst_pio_0_external_connection_bfm.conduit nios_inst.pio_0_external_connection
Info: send_message Info TB_Gen: Saving testbench system : nios_tb.qsys
Info: TB_Gen: Saving testbench system : nios_tb.qsys
Info: save_system nios_tb.qsys
Info: send_message Info TB_Gen: TBGEN SUCCESSFUL
Info: TB_Gen: TBGEN SUCCESSFUL
Info: Testbench system: E:/study/Labs/reconf/lab2/nios/testbench/nios_tb.qsys
Info: Done
Info: ip-generate --project-directory=E:/study/Labs/reconf/lab2/nios/testbench/ --output-directory=E:/study/Labs/reconf/lab2/nios/testbench/nios_tb/simulation/ --file-set=SIM_VERILOG --report-file=html:E:/study/Labs/reconf/lab2/nios/testbench/nios_tb.html --system-info=DEVICE_FAMILY="Cyclone IV E" --system-info=DEVICE=EP4CE6E22C8 --system-info=DEVICE_SPEEDGRADE=8 --component-file=E:/study/Labs/reconf/lab2/nios/testbench/nios_tb.qsys --report-file=csv:E:/study/Labs/reconf/lab2/nios_tb.csv --report-file=spd:E:/study/Labs/reconf/lab2/nios_tb.spd
Progress: Loading testbench/nios_tb.qsys
Progress: Reading input file
Progress: Adding nios_inst [nios 1.0]
Progress: Parameterizing module nios_inst
Progress: Adding nios_inst_clk_bfm [altera_avalon_clock_source 12.1]
Progress: Parameterizing module nios_inst_clk_bfm
Progress: Adding nios_inst_clk_0_clk_in_reset_bfm [altera_avalon_reset_source 12.1]
Progress: Parameterizing module nios_inst_clk_0_clk_in_reset_bfm
Progress: Adding nios_inst_pio_0_external_connection_bfm [altera_conduit_bfm 12.1]
Progress: Parameterizing module nios_inst_pio_0_external_connection_bfm
Progress: Building connections
Progress: Parameterizing connections
Progress: Validating
Progress: Done reading input file
Info: nios_tb.nios_inst.onchip_memory2_0: User is required to provide memory initialization files for memory .
Info: nios_tb.nios_inst.onchip_memory2_0: Memory will be initialized from E:\study\Labs\reconf\lab2\software\nios\mem_init\onchip_memory2_0.hex.hex
Info: nios_tb.nios_inst_clk_bfm: Elaborate: altera_clock_source
Info: nios_tb.nios_inst_clk_bfm:            $Revision: #1 $
Info: nios_tb.nios_inst_clk_bfm:            $Date: 2012/10/10 $
Info: nios_tb.nios_inst_clk_0_clk_in_reset_bfm: Elaborate: altera_reset_source
Info: nios_tb.nios_inst_clk_0_clk_in_reset_bfm:            $Revision: #1 $
Info: nios_tb.nios_inst_clk_0_clk_in_reset_bfm:            $Date: 2012/10/10 $
Info: nios_tb.nios_inst_clk_0_clk_in_reset_bfm: Reset is negatively asserted.
Info: nios_tb: Generating nios_tb "nios_tb" for SIM_VERILOG
Info: pipeline_bridge_swap_transform: After transform: 4 modules, 4 connections
Info: No custom instruction connections, skipping transform 
Info: No Avalon connections, skipping transform 
Info: No Avalon connections, skipping transform 
Info: pipeline_bridge_swap_transform: After transform: 4 modules, 15 connections
Info: No custom instruction connections, skipping transform 
Info: merlin_translator_transform: After transform: 9 modules, 35 connections
Info: merlin_domain_transform: After transform: 18 modules, 92 connections
Info: merlin_router_transform: After transform: 23 modules, 112 connections
Info: reset_adaptation_transform: After transform: 24 modules, 89 connections
Info: merlin_network_to_switch_transform: After transform: 33 modules, 111 connections
Info: merlin_interrupt_mapper_transform: After transform: 34 modules, 114 connections
Info: nios_inst: "nios_tb" instantiated nios "nios_inst"
Info: nios_inst_clk_bfm: "nios_tb" instantiated altera_avalon_clock_source "nios_inst_clk_bfm"
Info: nios_inst_clk_0_clk_in_reset_bfm: "nios_tb" instantiated altera_avalon_reset_source "nios_inst_clk_0_clk_in_reset_bfm"
Info: Reusing file E:/study/Labs/reconf/lab2/nios/testbench/nios_tb/simulation/submodules/verbosity_pkg.sv
Info: nios_inst_pio_0_external_connection_bfm: "nios_tb" instantiated altera_conduit_bfm "nios_inst_pio_0_external_connection_bfm"
Info: Reusing file E:/study/Labs/reconf/lab2/nios/testbench/nios_tb/simulation/submodules/verbosity_pkg.sv
Info: nios2_qsys_0: Starting RTL generation for module 'nios_nios2_qsys_0'
Info: nios2_qsys_0:   Generation command is [exec C:/altera/12.1sp1/quartus/../ip/altera/nios2_ip/altera_nios2/eperl.exe -I C:/altera/12.1sp1/quartus/common/ip/altera/common/perl/5.8.3 -I C:/altera/12.1sp1/quartus/sopc_builder/bin/europa -I C:/altera/12.1sp1/quartus/sopc_builder/bin/perl_lib -I C:/altera/12.1sp1/quartus/sopc_builder/bin -I C:/altera/12.1sp1/quartus/../ip/altera/nios2_ip/altera_nios2/cpu_lib -I C:/altera/12.1sp1/quartus/../ip/altera/nios2_ip/altera_nios2/nios_lib -I C:/altera/12.1sp1/quartus/../ip/altera/nios2_ip/altera_nios2 -I C:/altera/12.1sp1/quartus/../ip/altera/nios2_ip/altera_nios2 -- C:/altera/12.1sp1/quartus/../ip/altera/nios2_ip/altera_nios2/generate_rtl.epl --name=nios_nios2_qsys_0 --dir=C:/Users/MARO4_~1/AppData/Local/Temp/alt8545_7418123167005697551.dir/0110_nios2_qsys_0_gen/ --quartus_dir=C:/altera/12.1sp1/quartus --verilog --config=C:/Users/MARO4_~1/AppData/Local/Temp/alt8545_7418123167005697551.dir/0110_nios2_qsys_0_gen//nios_nios2_qsys_0_processor_configuration.pl  --do_build_sim=1    --sim_dir=C:/Users/MARO4_~1/AppData/Local/Temp/alt8545_7418123167005697551.dir/0110_nios2_qsys_0_gen/    --bogus  ]
Info: nios2_qsys_0: # 2020.10.10 16:58:06 (*) Starting Nios II generation
Info: nios2_qsys_0: # 2020.10.10 16:58:06 (*)   Checking for plaintext license.
Info: nios2_qsys_0: # 2020.10.10 16:58:08 (*)   Couldn't query license setup in Quartus directory C:/altera/12.1sp1/quartus
Info: nios2_qsys_0: # 2020.10.10 16:58:08 (*)   Defaulting to contents of LM_LICENSE_FILE environment variable
Info: nios2_qsys_0: # 2020.10.10 16:58:09 (*)   Plaintext license not found.
Info: nios2_qsys_0: # 2020.10.10 16:58:09 (*)   No license required to generate encrypted Nios II/e.
Info: nios2_qsys_0: # 2020.10.10 16:58:09 (*)   Elaborating CPU configuration settings
Info: nios2_qsys_0: # 2020.10.10 16:58:09 (*)   Creating all objects for CPU
Info: nios2_qsys_0: # 2020.10.10 16:58:10 (*)   Creating 'C:/Users/MARO4_~1/AppData/Local/Temp/alt8545_7418123167005697551.dir/0110_nios2_qsys_0_gen//nios_nios2_qsys_0.do'
Info: nios2_qsys_0: # 2020.10.10 16:58:10 (*)   Generating RTL from CPU objects
Info: nios2_qsys_0: # 2020.10.10 16:58:10 (*)   Creating plain-text RTL
Info: nios2_qsys_0: # 2020.10.10 16:58:12 (*) Done Nios II generation
Info: nios2_qsys_0: Done RTL generation for module 'nios_nios2_qsys_0'
Info: nios2_qsys_0: "nios_inst" instantiated altera_nios2_qsys "nios2_qsys_0"
Info: Starting classic module elaboration.
      1 [main] sh 12416 find_fast_cwd: WARNING: Couldn't compute FAST_CWD pointer.  Please report this problem to
the public mailing list cygwin@cygwin.com
Qt: Untested Windows version 6.2 detected!
"c:/altera/12.1sp1/quartus/bin/jre/bin/java.exe" -Xmx512M -classpath "c:/altera/12.1sp1/quartus/sopc_builder/bin/sopc_builder.jar;c:/altera/12.1sp1/quartus/sopc_builder/bin/PinAssigner.jar;c:/altera/12.1sp1/quartus/sopc_builder/bin/sopc_wizard.jar;c:/altera/12.1sp1/quartus/sopc_builder/bin/jptf.jar" sopc_builder.sopc_builder  -d"c:/altera/12.1sp1/quartus/sopc_builder" -notalkback=1 -projectnameyysystem.qpf -projectpathC:/Users/MARO4_~1/AppData/Local/Temp/alt8545_7418123167005697551.dir/0111_sopclgen  --no_splash --refresh C:/Users/MARO4_~1/AppData/Local/Temp/alt8545_7418123167005697551.dir/0111_sopclgen/yysystem.v --quartus_dir="c:/altera/12.1sp1/quartus" --sopc_perl="c:/altera/12.1sp1/quartus/bin/perl" --sopc_lib_path="++c:/altera/12.1sp1/quartus/../ip/altera/sopc_builder_ip+c:/altera/12.1sp1/quartus/../ip/altera/nios2_ip"
Info: Finished elaborating classic module.
Executing: C:/altera/12.1sp1/quartus//sopc_builder/bin/sopc_builder --classic --generate C:/Users/MARO4_~1/AppData/Local/Temp/alt8545_7418123167005697551.dir/0111_sopclgen/yysystem.ptf
Info: Running sopc_builder...
      1 [main] sh 6616 find_fast_cwd: WARNING: Couldn't compute FAST_CWD pointer.  Please report this problem to
the public mailing list cygwin@cygwin.com
Qt: Untested Windows version 6.2 detected!
"c:/altera/12.1sp1/quartus/bin/jre/bin/java.exe" -Xmx512M -classpath "c:/altera/12.1sp1/quartus/sopc_builder/bin/sopc_builder.jar;c:/altera/12.1sp1/quartus/sopc_builder/bin/PinAssigner.jar;c:/altera/12.1sp1/quartus/sopc_builder/bin/sopc_wizard.jar;c:/altera/12.1sp1/quartus/sopc_builder/bin/jptf.jar" sopc_builder.sopc_builder  -d"c:/altera/12.1sp1/quartus/sopc_builder" -notalkback=1 -projectnameyysystem.qpf -projectpathC:/Users/MARO4_~1/AppData/Local/Temp/alt8545_7418123167005697551.dir/0111_sopclgen  --generate C:/Users/MARO4_~1/AppData/Local/Temp/alt8545_7418123167005697551.dir/0111_sopclgen/yysystem.v --quartus_dir="c:/altera/12.1sp1/quartus" --sopc_perl="c:/altera/12.1sp1/quartus/bin/perl" --sopc_lib_path="++c:/altera/12.1sp1/quartus/../ip/altera/sopc_builder_ip+c:/altera/12.1sp1/quartus/../ip/altera/nios2_ip"
No .sopc_builder configuration file(!)
.
# 2020.10.10 16:58:19 (*) Success: sopc_builder finished.
Info: onchip_memory2_0: "nios_inst" instantiated altera_avalon_onchip_memory2 "onchip_memory2_0"
Info: Starting classic module elaboration.
      1 [main] sh 15804 find_fast_cwd: WARNING: Couldn't compute FAST_CWD pointer.  Please report this problem to
the public mailing list cygwin@cygwin.com
Qt: Untested Windows version 6.2 detected!
"c:/altera/12.1sp1/quartus/bin/jre/bin/java.exe" -Xmx512M -classpath "c:/altera/12.1sp1/quartus/sopc_builder/bin/sopc_builder.jar;c:/altera/12.1sp1/quartus/sopc_builder/bin/PinAssigner.jar;c:/altera/12.1sp1/quartus/sopc_builder/bin/sopc_wizard.jar;c:/altera/12.1sp1/quartus/sopc_builder/bin/jptf.jar" sopc_builder.sopc_builder  -d"c:/altera/12.1sp1/quartus/sopc_builder" -notalkback=1 -projectnameyysystem.qpf -projectpathC:/Users/MARO4_~1/AppData/Local/Temp/alt8545_7418123167005697551.dir/0112_sopclgen  --no_splash --refresh C:/Users/MARO4_~1/AppData/Local/Temp/alt8545_7418123167005697551.dir/0112_sopclgen/yysystem.v --quartus_dir="c:/altera/12.1sp1/quartus" --sopc_perl="c:/altera/12.1sp1/quartus/bin/perl" --sopc_lib_path="++c:/altera/12.1sp1/quartus/../ip/altera/sopc_builder_ip+c:/altera/12.1sp1/quartus/../ip/altera/nios2_ip"
Info: Finished elaborating classic module.
Executing: C:/altera/12.1sp1/quartus//sopc_builder/bin/sopc_builder --classic --generate C:/Users/MARO4_~1/AppData/Local/Temp/alt8545_7418123167005697551.dir/0112_sopclgen/yysystem.ptf
Info: Running sopc_builder...
      1 [main] sh 15028 find_fast_cwd: WARNING: Couldn't compute FAST_CWD pointer.  Please report this problem to
the public mailing list cygwin@cygwin.com
Qt: Untested Windows version 6.2 detected!
"c:/altera/12.1sp1/quartus/bin/jre/bin/java.exe" -Xmx512M -classpath "c:/altera/12.1sp1/quartus/sopc_builder/bin/sopc_builder.jar;c:/altera/12.1sp1/quartus/sopc_builder/bin/PinAssigner.jar;c:/altera/12.1sp1/quartus/sopc_builder/bin/sopc_wizard.jar;c:/altera/12.1sp1/quartus/sopc_builder/bin/jptf.jar" sopc_builder.sopc_builder  -d"c:/altera/12.1sp1/quartus/sopc_builder" -notalkback=1 -projectnameyysystem.qpf -projectpathC:/Users/MARO4_~1/AppData/Local/Temp/alt8545_7418123167005697551.dir/0112_sopclgen  --generate C:/Users/MARO4_~1/AppData/Local/Temp/alt8545_7418123167005697551.dir/0112_sopclgen/yysystem.v --quartus_dir="c:/altera/12.1sp1/quartus" --sopc_perl="c:/altera/12.1sp1/quartus/bin/perl" --sopc_lib_path="++c:/altera/12.1sp1/quartus/../ip/altera/sopc_builder_ip+c:/altera/12.1sp1/quartus/../ip/altera/nios2_ip"
No .sopc_builder configuration file(!)
.
# 2020.10.10 16:58:26 (*) Success: sopc_builder finished.
Info: pio_0: "nios_inst" instantiated altera_avalon_pio "pio_0"
Info: nios2_qsys_0_instruction_master_translator: "nios_inst" instantiated altera_merlin_master_translator "nios2_qsys_0_instruction_master_translator"
Info: nios2_qsys_0_jtag_debug_module_translator: "nios_inst" instantiated altera_merlin_slave_translator "nios2_qsys_0_jtag_debug_module_translator"
Info: nios2_qsys_0_instruction_master_translator_avalon_universal_master_0_agent: "nios_inst" instantiated altera_merlin_master_agent "nios2_qsys_0_instruction_master_translator_avalon_universal_master_0_agent"
Info: nios2_qsys_0_jtag_debug_module_translator_avalon_universal_slave_0_agent: "nios_inst" instantiated altera_merlin_slave_agent "nios2_qsys_0_jtag_debug_module_translator_avalon_universal_slave_0_agent"
Info: nios2_qsys_0_jtag_debug_module_translator_avalon_universal_slave_0_agent_rsp_fifo: "nios_inst" instantiated altera_avalon_sc_fifo "nios2_qsys_0_jtag_debug_module_translator_avalon_universal_slave_0_agent_rsp_fifo"
Info: addr_router: "nios_inst" instantiated altera_merlin_router "addr_router"
Info: id_router: "nios_inst" instantiated altera_merlin_router "id_router"
Info: rst_controller: "nios_inst" instantiated altera_reset_controller "rst_controller"
Info: cmd_xbar_demux: "nios_inst" instantiated altera_merlin_demultiplexer "cmd_xbar_demux"
Info: cmd_xbar_mux: "nios_inst" instantiated altera_merlin_multiplexer "cmd_xbar_mux"
Info: rsp_xbar_demux: "nios_inst" instantiated altera_merlin_demultiplexer "rsp_xbar_demux"
Info: rsp_xbar_mux: "nios_inst" instantiated altera_merlin_multiplexer "rsp_xbar_mux"
Info: Reusing file E:/study/Labs/reconf/lab2/nios/testbench/nios_tb/simulation/submodules/altera_merlin_arbitrator.sv
Info: irq_mapper: "nios_inst" instantiated altera_irq_mapper "irq_mapper"
Info: nios_tb: Done nios_tb" with 21 modules, 64 files, 980765 bytes
Info: ip-generate succeeded.
Info: sim-script-gen --spd=E:/study/Labs/reconf/lab2/nios_tb.spd --output-directory=E:/study/Labs/reconf/lab2/nios/testbench/
Info: Doing: ip-make-simscript --spd=E:/study/Labs/reconf/lab2/nios_tb.spd --output-directory=E:/study/Labs/reconf/lab2/nios/testbench/
Info: Generating the following file(s) for MODELSIM simulator in E:/study/Labs/reconf/lab2/nios/testbench/ directory:
Info: 	mentor/msim_setup.tcl
Info: Generating the following file(s) for VCS simulator in E:/study/Labs/reconf/lab2/nios/testbench/ directory:
Info: 	synopsys/vcs/vcs_setup.sh
Info: Generating the following file(s) for VCSMX simulator in E:/study/Labs/reconf/lab2/nios/testbench/ directory:
Info: 	synopsys/vcsmx/synopsys_sim.setup
Info: 	synopsys/vcsmx/vcsmx_setup.sh
Info: Generating the following file(s) for NCSIM simulator in E:/study/Labs/reconf/lab2/nios/testbench/ directory:
Info: 	cadence/cds.lib
Info: 	cadence/hdl.var
Info: 	cadence/ncsim_setup.sh
Info: 	20 .cds.lib files in cadence/cds_libs/ directory
Info: Generating the following file(s) for RIVIERAPRO simulator in E:/study/Labs/reconf/lab2/nios/testbench/ directory:
Info: 	aldec/rivierapro_setup.tcl
Info: Finished: Create testbench Qsys system
Info: Starting: Create block symbol file (.bsf)
Info: ip-generate --project-directory=E:/study/Labs/reconf/lab2/ --output-directory=E:/study/Labs/reconf/lab2/nios/ --report-file=bsf:E:/study/Labs/reconf/lab2/nios.bsf --system-info=DEVICE_FAMILY="Cyclone IV E" --system-info=DEVICE=EP4CE6E22C8 --system-info=DEVICE_SPEEDGRADE=8 --component-file=E:/study/Labs/reconf/lab2/nios.qsys
Progress: Loading lab2/nios.qsys
Progress: Reading input file
Progress: Adding clk_0 [clock_source 12.1]
Progress: Parameterizing module clk_0
Progress: Adding nios2_qsys_0 [altera_nios2_qsys 12.1]
Progress: Parameterizing module nios2_qsys_0
Progress: Adding onchip_memory2_0 [altera_avalon_onchip_memory2 12.1]
Progress: Parameterizing module onchip_memory2_0
Progress: Adding pio_0 [altera_avalon_pio 12.1]
Progress: Parameterizing module pio_0
Progress: Building connections
Progress: Parameterizing connections
Progress: Validating
Progress: Done reading input file
Info: nios.onchip_memory2_0: User is required to provide memory initialization files for memory .
Info: nios.onchip_memory2_0: Memory will be initialized from E:\study\Labs\reconf\lab2\software\nios\mem_init\onchip_memory2_0.hex.hex
Info: ip-generate succeeded.
Info: Finished: Create block symbol file (.bsf)
Info: 
Info: Starting: Create HDL design files for synthesis
Info: ip-generate --project-directory=E:/study/Labs/reconf/lab2/ --output-directory=E:/study/Labs/reconf/lab2/nios/synthesis/ --file-set=QUARTUS_SYNTH --report-file=sopcinfo:E:/study/Labs/reconf/lab2/nios.sopcinfo --report-file=html:E:/study/Labs/reconf/lab2/nios.html --report-file=qip:E:/study/Labs/reconf/lab2/nios/synthesis/nios.qip --report-file=cmp:E:/study/Labs/reconf/lab2/nios.cmp --system-info=DEVICE_FAMILY="Cyclone IV E" --system-info=DEVICE=EP4CE6E22C8 --system-info=DEVICE_SPEEDGRADE=8 --component-file=E:/study/Labs/reconf/lab2/nios.qsys
Progress: Loading lab2/nios.qsys
Progress: Reading input file
Progress: Adding clk_0 [clock_source 12.1]
Progress: Parameterizing module clk_0
Progress: Adding nios2_qsys_0 [altera_nios2_qsys 12.1]
Progress: Parameterizing module nios2_qsys_0
Progress: Adding onchip_memory2_0 [altera_avalon_onchip_memory2 12.1]
Progress: Parameterizing module onchip_memory2_0
Progress: Adding pio_0 [altera_avalon_pio 12.1]
Progress: Parameterizing module pio_0
Progress: Building connections
Progress: Parameterizing connections
Progress: Validating
Progress: Done reading input file
Info: nios.onchip_memory2_0: User is required to provide memory initialization files for memory .
Info: nios.onchip_memory2_0: Memory will be initialized from E:\study\Labs\reconf\lab2\software\nios\mem_init\onchip_memory2_0.hex.hex
Info: nios: Generating nios "nios" for QUARTUS_SYNTH
Info: pipeline_bridge_swap_transform: After transform: 4 modules, 15 connections
Info: No custom instruction connections, skipping transform 
Info: merlin_translator_transform: After transform: 9 modules, 35 connections
Info: merlin_domain_transform: After transform: 18 modules, 92 connections
Info: merlin_router_transform: After transform: 23 modules, 112 connections
Info: reset_adaptation_transform: After transform: 24 modules, 89 connections
Info: merlin_network_to_switch_transform: After transform: 33 modules, 111 connections
Info: merlin_interrupt_mapper_transform: After transform: 34 modules, 114 connections
Info: nios2_qsys_0: Starting RTL generation for module 'nios_nios2_qsys_0'
Info: nios2_qsys_0:   Generation command is [exec C:/altera/12.1sp1/quartus/../ip/altera/nios2_ip/altera_nios2/eperl.exe -I C:/altera/12.1sp1/quartus/common/ip/altera/common/perl/5.8.3 -I C:/altera/12.1sp1/quartus/sopc_builder/bin/europa -I C:/altera/12.1sp1/quartus/sopc_builder/bin/perl_lib -I C:/altera/12.1sp1/quartus/sopc_builder/bin -I C:/altera/12.1sp1/quartus/../ip/altera/nios2_ip/altera_nios2/cpu_lib -I C:/altera/12.1sp1/quartus/../ip/altera/nios2_ip/altera_nios2/nios_lib -I C:/altera/12.1sp1/quartus/../ip/altera/nios2_ip/altera_nios2 -I C:/altera/12.1sp1/quartus/../ip/altera/nios2_ip/altera_nios2 -- C:/altera/12.1sp1/quartus/../ip/altera/nios2_ip/altera_nios2/generate_rtl.epl --name=nios_nios2_qsys_0 --dir=C:/Users/MARO4_~1/AppData/Local/Temp/alt8545_7418123167005697551.dir/0126_nios2_qsys_0_gen/ --quartus_dir=C:/altera/12.1sp1/quartus --verilog --config=C:/Users/MARO4_~1/AppData/Local/Temp/alt8545_7418123167005697551.dir/0126_nios2_qsys_0_gen//nios_nios2_qsys_0_processor_configuration.pl  --do_build_sim=0    --bogus  ]
Info: nios2_qsys_0: # 2020.10.10 16:58:40 (*) Starting Nios II generation
Info: nios2_qsys_0: # 2020.10.10 16:58:40 (*)   Checking for plaintext license.
Info: nios2_qsys_0: # 2020.10.10 16:58:42 (*)   Couldn't query license setup in Quartus directory C:/altera/12.1sp1/quartus
Info: nios2_qsys_0: # 2020.10.10 16:58:42 (*)   Defaulting to contents of LM_LICENSE_FILE environment variable
Info: nios2_qsys_0: # 2020.10.10 16:58:43 (*)   Plaintext license not found.
Info: nios2_qsys_0: # 2020.10.10 16:58:43 (*)   No license required to generate encrypted Nios II/e.
Info: nios2_qsys_0: # 2020.10.10 16:58:43 (*)   Elaborating CPU configuration settings
Info: nios2_qsys_0: # 2020.10.10 16:58:43 (*)   Creating all objects for CPU
Info: nios2_qsys_0: # 2020.10.10 16:58:44 (*)   Generating RTL from CPU objects
Info: nios2_qsys_0: # 2020.10.10 16:58:44 (*)   Creating plain-text RTL
Info: nios2_qsys_0: # 2020.10.10 16:58:47 (*) Done Nios II generation
Info: nios2_qsys_0: Done RTL generation for module 'nios_nios2_qsys_0'
Info: nios2_qsys_0: "nios" instantiated altera_nios2_qsys "nios2_qsys_0"
Info: Starting classic module elaboration.
      1 [main] sh 5060 find_fast_cwd: WARNING: Couldn't compute FAST_CWD pointer.  Please report this problem to
the public mailing list cygwin@cygwin.com
Qt: Untested Windows version 6.2 detected!
"c:/altera/12.1sp1/quartus/bin/jre/bin/java.exe" -Xmx512M -classpath "c:/altera/12.1sp1/quartus/sopc_builder/bin/sopc_builder.jar;c:/altera/12.1sp1/quartus/sopc_builder/bin/PinAssigner.jar;c:/altera/12.1sp1/quartus/sopc_builder/bin/sopc_wizard.jar;c:/altera/12.1sp1/quartus/sopc_builder/bin/jptf.jar" sopc_builder.sopc_builder  -d"c:/altera/12.1sp1/quartus/sopc_builder" -notalkback=1 -projectnameyysystem.qpf -projectpathC:/Users/MARO4_~1/AppData/Local/Temp/alt8545_7418123167005697551.dir/0127_sopclgen  --no_splash --refresh C:/Users/MARO4_~1/AppData/Local/Temp/alt8545_7418123167005697551.dir/0127_sopclgen/yysystem.v --quartus_dir="c:/altera/12.1sp1/quartus" --sopc_perl="c:/altera/12.1sp1/quartus/bin/perl" --sopc_lib_path="++c:/altera/12.1sp1/quartus/../ip/altera/sopc_builder_ip+c:/altera/12.1sp1/quartus/../ip/altera/nios2_ip"
Info: Finished elaborating classic module.
Executing: C:/altera/12.1sp1/quartus//sopc_builder/bin/sopc_builder --classic --generate C:/Users/MARO4_~1/AppData/Local/Temp/alt8545_7418123167005697551.dir/0127_sopclgen/yysystem.ptf
Info: Running sopc_builder...
      1 [main] sh 10176 find_fast_cwd: WARNING: Couldn't compute FAST_CWD pointer.  Please report this problem to
the public mailing list cygwin@cygwin.com
Qt: Untested Windows version 6.2 detected!
"c:/altera/12.1sp1/quartus/bin/jre/bin/java.exe" -Xmx512M -classpath "c:/altera/12.1sp1/quartus/sopc_builder/bin/sopc_builder.jar;c:/altera/12.1sp1/quartus/sopc_builder/bin/PinAssigner.jar;c:/altera/12.1sp1/quartus/sopc_builder/bin/sopc_wizard.jar;c:/altera/12.1sp1/quartus/sopc_builder/bin/jptf.jar" sopc_builder.sopc_builder  -d"c:/altera/12.1sp1/quartus/sopc_builder" -notalkback=1 -projectnameyysystem.qpf -projectpathC:/Users/MARO4_~1/AppData/Local/Temp/alt8545_7418123167005697551.dir/0127_sopclgen  --generate C:/Users/MARO4_~1/AppData/Local/Temp/alt8545_7418123167005697551.dir/0127_sopclgen/yysystem.v --quartus_dir="c:/altera/12.1sp1/quartus" --sopc_perl="c:/altera/12.1sp1/quartus/bin/perl" --sopc_lib_path="++c:/altera/12.1sp1/quartus/../ip/altera/sopc_builder_ip+c:/altera/12.1sp1/quartus/../ip/altera/nios2_ip"
No .sopc_builder configuration file(!)
.
# 2020.10.10 16:58:53 (*) Success: sopc_builder finished.
Info: onchip_memory2_0: "nios" instantiated altera_avalon_onchip_memory2 "onchip_memory2_0"
Info: Starting classic module elaboration.
      1 [main] sh 4440 find_fast_cwd: WARNING: Couldn't compute FAST_CWD pointer.  Please report this problem to
the public mailing list cygwin@cygwin.com
Qt: Untested Windows version 6.2 detected!
"c:/altera/12.1sp1/quartus/bin/jre/bin/java.exe" -Xmx512M -classpath "c:/altera/12.1sp1/quartus/sopc_builder/bin/sopc_builder.jar;c:/altera/12.1sp1/quartus/sopc_builder/bin/PinAssigner.jar;c:/altera/12.1sp1/quartus/sopc_builder/bin/sopc_wizard.jar;c:/altera/12.1sp1/quartus/sopc_builder/bin/jptf.jar" sopc_builder.sopc_builder  -d"c:/altera/12.1sp1/quartus/sopc_builder" -notalkback=1 -projectnameyysystem.qpf -projectpathC:/Users/MARO4_~1/AppData/Local/Temp/alt8545_7418123167005697551.dir/0128_sopclgen  --no_splash --refresh C:/Users/MARO4_~1/AppData/Local/Temp/alt8545_7418123167005697551.dir/0128_sopclgen/yysystem.v --quartus_dir="c:/altera/12.1sp1/quartus" --sopc_perl="c:/altera/12.1sp1/quartus/bin/perl" --sopc_lib_path="++c:/altera/12.1sp1/quartus/../ip/altera/sopc_builder_ip+c:/altera/12.1sp1/quartus/../ip/altera/nios2_ip"
Info: Finished elaborating classic module.
Executing: C:/altera/12.1sp1/quartus//sopc_builder/bin/sopc_builder --classic --generate C:/Users/MARO4_~1/AppData/Local/Temp/alt8545_7418123167005697551.dir/0128_sopclgen/yysystem.ptf
Info: Running sopc_builder...
      1 [main] sh 2468 find_fast_cwd: WARNING: Couldn't compute FAST_CWD pointer.  Please report this problem to
the public mailing list cygwin@cygwin.com
Qt: Untested Windows version 6.2 detected!
"c:/altera/12.1sp1/quartus/bin/jre/bin/java.exe" -Xmx512M -classpath "c:/altera/12.1sp1/quartus/sopc_builder/bin/sopc_builder.jar;c:/altera/12.1sp1/quartus/sopc_builder/bin/PinAssigner.jar;c:/altera/12.1sp1/quartus/sopc_builder/bin/sopc_wizard.jar;c:/altera/12.1sp1/quartus/sopc_builder/bin/jptf.jar" sopc_builder.sopc_builder  -d"c:/altera/12.1sp1/quartus/sopc_builder" -notalkback=1 -projectnameyysystem.qpf -projectpathC:/Users/MARO4_~1/AppData/Local/Temp/alt8545_7418123167005697551.dir/0128_sopclgen  --generate C:/Users/MARO4_~1/AppData/Local/Temp/alt8545_7418123167005697551.dir/0128_sopclgen/yysystem.v --quartus_dir="c:/altera/12.1sp1/quartus" --sopc_perl="c:/altera/12.1sp1/quartus/bin/perl" --sopc_lib_path="++c:/altera/12.1sp1/quartus/../ip/altera/sopc_builder_ip+c:/altera/12.1sp1/quartus/../ip/altera/nios2_ip"
No .sopc_builder configuration file(!)
.
# 2020.10.10 16:58:59 (*) Success: sopc_builder finished.
Info: pio_0: "nios" instantiated altera_avalon_pio "pio_0"
Info: nios2_qsys_0_instruction_master_translator: "nios" instantiated altera_merlin_master_translator "nios2_qsys_0_instruction_master_translator"
Info: nios2_qsys_0_jtag_debug_module_translator: "nios" instantiated altera_merlin_slave_translator "nios2_qsys_0_jtag_debug_module_translator"
Info: nios2_qsys_0_instruction_master_translator_avalon_universal_master_0_agent: "nios" instantiated altera_merlin_master_agent "nios2_qsys_0_instruction_master_translator_avalon_universal_master_0_agent"
Info: nios2_qsys_0_jtag_debug_module_translator_avalon_universal_slave_0_agent: "nios" instantiated altera_merlin_slave_agent "nios2_qsys_0_jtag_debug_module_translator_avalon_universal_slave_0_agent"
Info: nios2_qsys_0_jtag_debug_module_translator_avalon_universal_slave_0_agent_rsp_fifo: "nios" instantiated altera_avalon_sc_fifo "nios2_qsys_0_jtag_debug_module_translator_avalon_universal_slave_0_agent_rsp_fifo"
Info: addr_router: "nios" instantiated altera_merlin_router "addr_router"
Info: id_router: "nios" instantiated altera_merlin_router "id_router"
Info: rst_controller: "nios" instantiated altera_reset_controller "rst_controller"
Info: cmd_xbar_demux: "nios" instantiated altera_merlin_demultiplexer "cmd_xbar_demux"
Info: cmd_xbar_mux: "nios" instantiated altera_merlin_multiplexer "cmd_xbar_mux"
Info: rsp_xbar_demux: "nios" instantiated altera_merlin_demultiplexer "rsp_xbar_demux"
Info: rsp_xbar_mux: "nios" instantiated altera_merlin_multiplexer "rsp_xbar_mux"
Info: Reusing file E:/study/Labs/reconf/lab2/nios/synthesis/submodules/altera_merlin_arbitrator.sv
Info: irq_mapper: "nios" instantiated altera_irq_mapper "irq_mapper"
Info: nios: Done nios" with 17 modules, 53 files, 949435 bytes
Info: ip-generate succeeded.
Info: Finished: Create HDL design files for synthesis
