Flow report for lab2
Sat Oct 10 17:05:23 2020
Quartus II 64-Bit Version 12.1 Build 243 01/31/2013 Service Pack 1 SJ Web Edition


---------------------
; Table of Contents ;
---------------------
  1. Legal Notice
  2. Flow Summary
  3. Flow Settings
  4. Flow Non-Default Global Settings
  5. Flow Elapsed Time
  6. Flow OS Summary
  7. Flow Log



----------------
; Legal Notice ;
----------------
Copyright (C) 1991-2012 Altera Corporation
Your use of Altera Corporation's design tools, logic functions 
and other software and tools, and its AMPP partner logic 
functions, and any output files from any of the foregoing 
(including device programming or simulation files), and any 
associated documentation or information are expressly subject 
to the terms and conditions of the Altera Program License 
Subscription Agreement, Altera MegaCore Function License 
Agreement, or other applicable license agreement, including, 
without limitation, that your use is for the sole purpose of 
programming logic devices manufactured by Altera and sold by 
Altera or its authorized distributors.  Please refer to the 
applicable agreement for further details.



+------------------------------------------------------------------------------------+
; Flow Summary                                                                       ;
+------------------------------------+-----------------------------------------------+
; Flow Status                        ; Successful - Sat Oct 10 17:05:23 2020         ;
; Quartus II 64-Bit Version          ; 12.1 Build 243 01/31/2013 SP 1 SJ Web Edition ;
; Revision Name                      ; lab2                                          ;
; Top-level Entity Name              ; lab2                                          ;
; Family                             ; Cyclone IV E                                  ;
; Device                             ; EP4CE6E22C8                                   ;
; Timing Models                      ; Final                                         ;
; Total logic elements               ; 1,324 / 6,272 ( 21 % )                        ;
;     Total combinational functions  ; 1,259 / 6,272 ( 20 % )                        ;
;     Dedicated logic registers      ; 654 / 6,272 ( 10 % )                          ;
; Total registers                    ; 654                                           ;
; Total pins                         ; 9 / 92 ( 10 % )                               ;
; Total virtual pins                 ; 0                                             ;
; Total memory bits                  ; 75,776 / 276,480 ( 27 % )                     ;
; Embedded Multiplier 9-bit elements ; 0 / 30 ( 0 % )                                ;
; Total PLLs                         ; 0 / 2 ( 0 % )                                 ;
+------------------------------------+-----------------------------------------------+


+-----------------------------------------+
; Flow Settings                           ;
+-------------------+---------------------+
; Option            ; Setting             ;
+-------------------+---------------------+
; Start date & time ; 10/10/2020 17:04:50 ;
; Main task         ; Compilation         ;
; Revision Name     ; lab2                ;
+-------------------+---------------------+


+-----------------------------------------------------------------------------------------------------------------------------------------------------------------+
; Flow Non-Default Global Settings                                                                                                                                ;
+-------------------------------------+--------------------------------------------------------+---------------+---------------------------------+----------------+
; Assignment Name                     ; Value                                                  ; Default Value ; Entity Name                     ; Section Id     ;
+-------------------------------------+--------------------------------------------------------+---------------+---------------------------------+----------------+
; COMPILER_SIGNATURE_ID               ; 1095573684886.160233869015944                          ; --            ; --                              ; --             ;
; EDA_OUTPUT_DATA_FORMAT              ; Vhdl                                                   ; --            ; --                              ; eda_simulation ;
; EDA_SIMULATION_TOOL                 ; ModelSim-Altera (VHDL)                                 ; <None>        ; --                              ; --             ;
; IP_TOOL_ENV                         ; qsys                                                   ; --            ; altera_avalon_sc_fifo           ; --             ;
; IP_TOOL_ENV                         ; qsys                                                   ; --            ; altera_merlin_master_agent      ; --             ;
; IP_TOOL_ENV                         ; qsys                                                   ; --            ; altera_merlin_master_translator ; --             ;
; IP_TOOL_ENV                         ; qsys                                                   ; --            ; altera_merlin_slave_agent       ; --             ;
; IP_TOOL_ENV                         ; qsys                                                   ; --            ; altera_merlin_slave_translator  ; --             ;
; IP_TOOL_ENV                         ; qsys                                                   ; --            ; altera_reset_controller         ; --             ;
; IP_TOOL_ENV                         ; qsys                                                   ; --            ; nios                            ; --             ;
; IP_TOOL_ENV                         ; qsys                                                   ; --            ; nios_addr_router                ; --             ;
; IP_TOOL_ENV                         ; qsys                                                   ; --            ; nios_cmd_xbar_demux             ; --             ;
; IP_TOOL_ENV                         ; qsys                                                   ; --            ; nios_cmd_xbar_mux               ; --             ;
; IP_TOOL_ENV                         ; qsys                                                   ; --            ; nios_id_router                  ; --             ;
; IP_TOOL_ENV                         ; qsys                                                   ; --            ; nios_irq_mapper                 ; --             ;
; IP_TOOL_ENV                         ; qsys                                                   ; --            ; nios_nios2_qsys_0               ; --             ;
; IP_TOOL_ENV                         ; qsys                                                   ; --            ; nios_onchip_memory2_0           ; --             ;
; IP_TOOL_ENV                         ; qsys                                                   ; --            ; nios_pio_0                      ; --             ;
; IP_TOOL_ENV                         ; qsys                                                   ; --            ; nios_rsp_xbar_demux             ; --             ;
; IP_TOOL_ENV                         ; qsys                                                   ; --            ; nios_rsp_xbar_mux               ; --             ;
; IP_TOOL_NAME                        ; altera_avalon_sc_fifo                                  ; --            ; altera_avalon_sc_fifo           ; --             ;
; IP_TOOL_NAME                        ; altera_merlin_master_agent                             ; --            ; altera_merlin_master_agent      ; --             ;
; IP_TOOL_NAME                        ; altera_merlin_master_translator                        ; --            ; altera_merlin_master_translator ; --             ;
; IP_TOOL_NAME                        ; altera_merlin_slave_agent                              ; --            ; altera_merlin_slave_agent       ; --             ;
; IP_TOOL_NAME                        ; altera_merlin_slave_translator                         ; --            ; altera_merlin_slave_translator  ; --             ;
; IP_TOOL_NAME                        ; altera_reset_controller                                ; --            ; altera_reset_controller         ; --             ;
; IP_TOOL_NAME                        ; qsys                                                   ; --            ; nios                            ; --             ;
; IP_TOOL_NAME                        ; altera_merlin_router                                   ; --            ; nios_addr_router                ; --             ;
; IP_TOOL_NAME                        ; altera_merlin_demultiplexer                            ; --            ; nios_cmd_xbar_demux             ; --             ;
; IP_TOOL_NAME                        ; altera_merlin_multiplexer                              ; --            ; nios_cmd_xbar_mux               ; --             ;
; IP_TOOL_NAME                        ; altera_merlin_router                                   ; --            ; nios_id_router                  ; --             ;
; IP_TOOL_NAME                        ; altera_irq_mapper                                      ; --            ; nios_irq_mapper                 ; --             ;
; IP_TOOL_NAME                        ; altera_nios2_qsys                                      ; --            ; nios_nios2_qsys_0               ; --             ;
; IP_TOOL_NAME                        ; altera_avalon_onchip_memory2                           ; --            ; nios_onchip_memory2_0           ; --             ;
; IP_TOOL_NAME                        ; altera_avalon_pio                                      ; --            ; nios_pio_0                      ; --             ;
; IP_TOOL_NAME                        ; altera_merlin_demultiplexer                            ; --            ; nios_rsp_xbar_demux             ; --             ;
; IP_TOOL_NAME                        ; altera_merlin_multiplexer                              ; --            ; nios_rsp_xbar_mux               ; --             ;
; IP_TOOL_VERSION                     ; 12.1                                                   ; --            ; altera_avalon_sc_fifo           ; --             ;
; IP_TOOL_VERSION                     ; 12.1                                                   ; --            ; altera_merlin_master_agent      ; --             ;
; IP_TOOL_VERSION                     ; 12.1                                                   ; --            ; altera_merlin_master_translator ; --             ;
; IP_TOOL_VERSION                     ; 12.1                                                   ; --            ; altera_merlin_slave_agent       ; --             ;
; IP_TOOL_VERSION                     ; 12.1                                                   ; --            ; altera_merlin_slave_translator  ; --             ;
; IP_TOOL_VERSION                     ; 12.1                                                   ; --            ; altera_reset_controller         ; --             ;
; IP_TOOL_VERSION                     ; 12.1sp1                                                ; --            ; nios                            ; --             ;
; IP_TOOL_VERSION                     ; 12.1                                                   ; --            ; nios_addr_router                ; --             ;
; IP_TOOL_VERSION                     ; 12.1                                                   ; --            ; nios_cmd_xbar_demux             ; --             ;
; IP_TOOL_VERSION                     ; 12.1                                                   ; --            ; nios_cmd_xbar_mux               ; --             ;
; IP_TOOL_VERSION                     ; 12.1                                                   ; --            ; nios_id_router                  ; --             ;
; IP_TOOL_VERSION                     ; 12.1                                                   ; --            ; nios_irq_mapper                 ; --             ;
; IP_TOOL_VERSION                     ; 12.1                                                   ; --            ; nios_nios2_qsys_0               ; --             ;
; IP_TOOL_VERSION                     ; 12.1                                                   ; --            ; nios_onchip_memory2_0           ; --             ;
; IP_TOOL_VERSION                     ; 12.1                                                   ; --            ; nios_pio_0                      ; --             ;
; IP_TOOL_VERSION                     ; 12.1                                                   ; --            ; nios_rsp_xbar_demux             ; --             ;
; IP_TOOL_VERSION                     ; 12.1                                                   ; --            ; nios_rsp_xbar_mux               ; --             ;
; MAX_CORE_JUNCTION_TEMP              ; 85                                                     ; --            ; --                              ; --             ;
; MIN_CORE_JUNCTION_TEMP              ; 0                                                      ; --            ; --                              ; --             ;
; MISC_FILE                           ; nios/synthesis/../../nios.cmp                          ; --            ; --                              ; --             ;
; MISC_FILE                           ; nios/synthesis/../../nios.qsys                         ; --            ; --                              ; --             ;
; NOMINAL_CORE_SUPPLY_VOLTAGE         ; 1.2V                                                   ; --            ; --                              ; --             ;
; PARTITION_COLOR                     ; 16764057                                               ; --            ; --                              ; Top            ;
; PARTITION_FITTER_PRESERVATION_LEVEL ; PLACEMENT_AND_ROUTING                                  ; --            ; --                              ; Top            ;
; PARTITION_NETLIST_TYPE              ; SOURCE                                                 ; --            ; --                              ; Top            ;
; POWER_BOARD_THERMAL_MODEL           ; None (CONSERVATIVE)                                    ; --            ; --                              ; --             ;
; POWER_PRESET_COOLING_SOLUTION       ; 23 MM HEAT SINK WITH 200 LFPM AIRFLOW                  ; --            ; --                              ; --             ;
; PROJECT_OUTPUT_DIRECTORY            ; output_files                                           ; --            ; --                              ; --             ;
; SLD_INFO                            ; QSYS_NAME nios HAS_SOPCINFO 1 GENERATION_ID 1602338469 ; --            ; nios                            ; --             ;
; SOPCINFO_FILE                       ; nios/synthesis/../../nios.sopcinfo                     ; --            ; --                              ; --             ;
; SYNTHESIS_ONLY_QIP                  ; On                                                     ; --            ; --                              ; --             ;
+-------------------------------------+--------------------------------------------------------+---------------+---------------------------------+----------------+


+-------------------------------------------------------------------------------------------------------------------------------+
; Flow Elapsed Time                                                                                                             ;
+---------------------------+--------------+-------------------------+---------------------+------------------------------------+
; Module Name               ; Elapsed Time ; Average Processors Used ; Peak Virtual Memory ; Total CPU Time (on all processors) ;
+---------------------------+--------------+-------------------------+---------------------+------------------------------------+
; Analysis & Synthesis      ; 00:00:08     ; 1.0                     ; 554 MB              ; 00:00:08                           ;
; Fitter                    ; 00:00:10     ; 1.0                     ; 933 MB              ; 00:00:11                           ;
; Assembler                 ; 00:00:03     ; 1.0                     ; 433 MB              ; 00:00:03                           ;
; TimeQuest Timing Analyzer ; 00:00:05     ; 1.0                     ; 504 MB              ; 00:00:05                           ;
; EDA Netlist Writer        ; 00:00:04     ; 1.0                     ; 423 MB              ; 00:00:04                           ;
; Total                     ; 00:00:30     ; --                      ; --                  ; 00:00:31                           ;
+---------------------------+--------------+-------------------------+---------------------+------------------------------------+


+----------------------------------------------------------------------------------------+
; Flow OS Summary                                                                        ;
+---------------------------+------------------+-----------+------------+----------------+
; Module Name               ; Machine Hostname ; OS Name   ; OS Version ; Processor type ;
+---------------------------+------------------+-----------+------------+----------------+
; Analysis & Synthesis      ; Lily-PC          ; Windows 7 ; 6.2        ; x86_64         ;
; Fitter                    ; Lily-PC          ; Windows 7 ; 6.2        ; x86_64         ;
; Assembler                 ; Lily-PC          ; Windows 7 ; 6.2        ; x86_64         ;
; TimeQuest Timing Analyzer ; Lily-PC          ; Windows 7 ; 6.2        ; x86_64         ;
; EDA Netlist Writer        ; Lily-PC          ; Windows 7 ; 6.2        ; x86_64         ;
+---------------------------+------------------+-----------+------------+----------------+


------------
; Flow Log ;
------------
quartus_map --read_settings_files=on --write_settings_files=off lab2 -c lab2
quartus_fit --read_settings_files=off --write_settings_files=off lab2 -c lab2
quartus_asm --read_settings_files=off --write_settings_files=off lab2 -c lab2
quartus_sta lab2 -c lab2
quartus_eda --read_settings_files=off --write_settings_files=off lab2 -c lab2



